  [1m[35m (375.9ms)[0m  [1m[35mCREATE DATABASE "W4D2_development" ENCODING = 'unicode'[0m
  ↳ bin/rails:9
  [1m[35m (279.2ms)[0m  [1m[35mCREATE DATABASE "W4D2_test" ENCODING = 'unicode'[0m
  ↳ bin/rails:9
  [1m[35m (16.6ms)[0m  [1m[35mCREATE TABLE "schema_migrations" ("version" character varying NOT NULL PRIMARY KEY)[0m
  ↳ bin/rails:9
  [1m[35m (5.6ms)[0m  [1m[35mCREATE TABLE "ar_internal_metadata" ("key" character varying NOT NULL PRIMARY KEY, "value" character varying, "created_at" timestamp NOT NULL, "updated_at" timestamp NOT NULL)[0m
  ↳ bin/rails:9
  [1m[35m (0.2ms)[0m  [1m[34mSELECT pg_try_advisory_lock(2387749386093896055)[0m
  ↳ bin/rails:9
  [1m[35m (1.0ms)[0m  [1m[34mSELECT "schema_migrations"."version" FROM "schema_migrations" ORDER BY "schema_migrations"."version" ASC[0m
  ↳ bin/rails:9
Migrating to CreateBooks (20190129055351)
  [1m[35m (0.2ms)[0m  [1m[35mBEGIN[0m
  ↳ bin/rails:9
  [1m[35m (6.9ms)[0m  [1m[35mCREATE TABLE "books" ("id" bigserial primary key, "title" character varying NOT NULL, "author" character varying NOT NULL, "year" integer, "category" character varying, "description" text, "created_at" timestamp NOT NULL, "updated_at" timestamp NOT NULL)[0m
  ↳ db/migrate/20190129055351_create_books.rb:3
  [1m[36mActiveRecord::SchemaMigration Create (0.6ms)[0m  [1m[32mINSERT INTO "schema_migrations" ("version") VALUES ($1) RETURNING "version"[0m  [["version", "20190129055351"]]
  ↳ bin/rails:9
  [1m[35m (0.5ms)[0m  [1m[35mCOMMIT[0m
  ↳ bin/rails:9
  [1m[36mActiveRecord::InternalMetadata Load (0.5ms)[0m  [1m[34mSELECT  "ar_internal_metadata".* FROM "ar_internal_metadata" WHERE "ar_internal_metadata"."key" = $1 LIMIT $2[0m  [["key", "environment"], ["LIMIT", 1]]
  ↳ bin/rails:9
  [1m[35m (0.2ms)[0m  [1m[35mBEGIN[0m
  ↳ bin/rails:9
  [1m[36mActiveRecord::InternalMetadata Create (0.5ms)[0m  [1m[32mINSERT INTO "ar_internal_metadata" ("key", "value", "created_at", "updated_at") VALUES ($1, $2, $3, $4) RETURNING "key"[0m  [["key", "environment"], ["value", "development"], ["created_at", "2019-01-29 05:55:57.999042"], ["updated_at", "2019-01-29 05:55:57.999042"]]
  ↳ bin/rails:9
  [1m[35m (0.3ms)[0m  [1m[35mCOMMIT[0m
  ↳ bin/rails:9
  [1m[35m (0.2ms)[0m  [1m[34mSELECT pg_advisory_unlock(2387749386093896055)[0m
  ↳ bin/rails:9
  [1m[35m (0.9ms)[0m  [1m[34mSELECT "schema_migrations"."version" FROM "schema_migrations" ORDER BY "schema_migrations"."version" ASC[0m
  ↳ bin/rails:9
  [1m[35m (0.8ms)[0m  [1m[34mSELECT "schema_migrations"."version" FROM "schema_migrations" ORDER BY "schema_migrations"."version" ASC[0m
  ↳ bin/rails:9
  [1m[35m (0.2ms)[0m  [1m[35mBEGIN[0m
  ↳ db/seeds.rb:8
  [1m[36mBook Create (1.3ms)[0m  [1m[32mINSERT INTO "books" ("title", "author", "year", "category", "description", "created_at", "updated_at") VALUES ($1, $2, $3, $4, $5, $6, $7) RETURNING "id"[0m  [["title", "Extremely Loud and Incredibly Close"], ["author", "Jonathon Safran Foer"], ["year", 2005], ["category", "Novel"], ["description", "Nine-year-old Oskar Schell has embarked on an urgent, secret mission that will take him through the five boroughs of New York. His goal is to find the lock that matches a mysterious key that belonged to his father, who died in the World Trade Center on the morning of September 11. This seemingly impossible task will bring Oskar into contact with survivors of all sorts on an exhilarating, affecting, often hilarious, and ultimately healing journey."], ["created_at", "2019-01-29 05:56:10.192185"], ["updated_at", "2019-01-29 05:56:10.192185"]]
  ↳ db/seeds.rb:8
  [1m[35m (0.4ms)[0m  [1m[35mCOMMIT[0m
  ↳ db/seeds.rb:8
  [1m[35m (0.1ms)[0m  [1m[35mBEGIN[0m
  ↳ db/seeds.rb:15
  [1m[36mBook Create (0.3ms)[0m  [1m[32mINSERT INTO "books" ("title", "author", "year", "category", "description", "created_at", "updated_at") VALUES ($1, $2, $3, $4, $5, $6, $7) RETURNING "id"[0m  [["title", "The Argonauts"], ["author", "Maggie Nelson"], ["year", 2015], ["category", "Memoir"], ["description", "The Argonauts is a genre-bending memoir, a work of 'autotheory' offering fresh, fierce, and timely thinking about desire, identity, and the limitations and possibilities of love and language. At its center is a romance: the story of the author's relationship with the artist Harry Dodge. This story, which includes Nelson's account of falling in love with Dodge, who is fluidly gendered, as well as her journey to and through a pregnancy, offers a firsthand account of the complexities and joys of (queer) family-making."], ["created_at", "2019-01-29 05:56:10.195955"], ["updated_at", "2019-01-29 05:56:10.195955"]]
  ↳ db/seeds.rb:15
  [1m[35m (0.3ms)[0m  [1m[35mCOMMIT[0m
  ↳ db/seeds.rb:15
  [1m[35m (0.1ms)[0m  [1m[35mBEGIN[0m
  ↳ db/seeds.rb:22
  [1m[36mBook Create (0.3ms)[0m  [1m[32mINSERT INTO "books" ("title", "author", "year", "category", "description", "created_at", "updated_at") VALUES ($1, $2, $3, $4, $5, $6, $7) RETURNING "id"[0m  [["title", "Man Alive"], ["author", "Thomas Page McBee"], ["year", 2014], ["category", "Memoir"], ["description", "Man Alive engages an extraordinary personal story to tell a universal one—how we all struggle to create ourselves, and how this struggle often requires risks. Far from a transgender transition tell-all, Man Alive grapples with the larger questions of legacy and forgiveness, love and violence, agency and invisibility."], ["created_at", "2019-01-29 05:56:10.197881"], ["updated_at", "2019-01-29 05:56:10.197881"]]
  ↳ db/seeds.rb:22
  [1m[35m (0.3ms)[0m  [1m[35mCOMMIT[0m
  ↳ db/seeds.rb:22
  [1m[35m (0.1ms)[0m  [1m[35mBEGIN[0m
  ↳ db/seeds.rb:29
  [1m[36mBook Create (0.9ms)[0m  [1m[32mINSERT INTO "books" ("title", "author", "year", "category", "description", "created_at", "updated_at") VALUES ($1, $2, $3, $4, $5, $6, $7) RETURNING "id"[0m  [["title", "The Gulag Archipelago"], ["author", "Aleksandr Solzhenitsyn"], ["year", 1973], ["category", "Non-Fiction"], ["description", "Drawing on his own incarceration and exile, as well as on evidence from more than 200 fellow prisoners and Soviet archives, Aleksandr I. Solzhenitsyn reveals the entire apparatus of Soviet repression -- the state within the state that ruled all-powerfully.Through truly Shakespearean portraits of its victims -- men, women, and children -- we encounter secret police operations, labor camps and prisons; the uprooting or extermination of whole populations, the welcome that awaited Russian soldiers who had been German prisoners of war."], ["created_at", "2019-01-29 05:56:10.200199"], ["updated_at", "2019-01-29 05:56:10.200199"]]
  ↳ db/seeds.rb:29
  [1m[35m (0.3ms)[0m  [1m[35mCOMMIT[0m
  ↳ db/seeds.rb:29
  [1m[35m (0.1ms)[0m  [1m[35mBEGIN[0m
  ↳ db/seeds.rb:36
  [1m[36mBook Create (0.3ms)[0m  [1m[32mINSERT INTO "books" ("title", "author", "year", "category", "description", "created_at", "updated_at") VALUES ($1, $2, $3, $4, $5, $6, $7) RETURNING "id"[0m  [["title", "Heart of Darkness"], ["author", "Joseph Conrad"], ["year", 1899], ["category", "Novella"], ["description", "Dark allegory describes Marlow’s journey up the Congo River and his meeting with, and fascination by, Mr. Kurtz, a mysterious personage who dominates the unruly inhabitants of the region. Masterly blend of adventure, character development, psychological penetration. Considered by many Conrad’s finest, most enigmatic story."], ["created_at", "2019-01-29 05:56:10.203291"], ["updated_at", "2019-01-29 05:56:10.203291"]]
  ↳ db/seeds.rb:36
  [1m[35m (0.3ms)[0m  [1m[35mCOMMIT[0m
  ↳ db/seeds.rb:36
  [1m[35m (0.1ms)[0m  [1m[35mBEGIN[0m
  ↳ db/seeds.rb:43
  [1m[36mBook Create (0.3ms)[0m  [1m[32mINSERT INTO "books" ("title", "author", "year", "category", "description", "created_at", "updated_at") VALUES ($1, $2, $3, $4, $5, $6, $7) RETURNING "id"[0m  [["title", "North and South"], ["author", "Elizabeth Gaskell"], ["year", 1854], ["category", "Novel"], ["description", "North and South follows the story of the heroine's movement from the tranquil but moribund ways of southern England to the vital but turbulent north. Elizabeth Gaskell's skilful narrative uses an unusual love story to show how personal and public lives were woven together in a newly industrial society. This is a tale of hard-won triumphs - of rational thought over prejudice and of humane care over blind deference to the market."], ["created_at", "2019-01-29 05:56:10.205387"], ["updated_at", "2019-01-29 05:56:10.205387"]]
  ↳ db/seeds.rb:43
  [1m[35m (0.3ms)[0m  [1m[35mCOMMIT[0m
  ↳ db/seeds.rb:43
  [1m[35m (0.1ms)[0m  [1m[35mBEGIN[0m
  ↳ db/seeds.rb:49
  [1m[36mBook Create (0.3ms)[0m  [1m[32mINSERT INTO "books" ("title", "author", "year", "category", "description", "created_at", "updated_at") VALUES ($1, $2, $3, $4, $5, $6, $7) RETURNING "id"[0m  [["title", "Zeitoun"], ["author", "Dave Eggers"], ["year", 2009], ["category", "Non-Fiction"], ["description", "The true story of one family, caught between America’s two biggest policy disasters: the war on terror and the response to Hurricane Katrina. Told with eloquence and compassion, Zeitoun is a riveting account of one family’s unthinkable struggle with forces beyond wind and water."], ["created_at", "2019-01-29 05:56:10.207431"], ["updated_at", "2019-01-29 05:56:10.207431"]]
  ↳ db/seeds.rb:49
  [1m[35m (0.4ms)[0m  [1m[35mCOMMIT[0m
  ↳ db/seeds.rb:49
  [1m[35m (0.1ms)[0m  [1m[35mBEGIN[0m
  ↳ db/seeds.rb:56
  [1m[36mBook Create (0.3ms)[0m  [1m[32mINSERT INTO "books" ("title", "author", "year", "category", "description", "created_at", "updated_at") VALUES ($1, $2, $3, $4, $5, $6, $7) RETURNING "id"[0m  [["title", "Foundations of Chinese Civilization: The Yellow Emperor to the Han Dynasty (2697 BCE - 220 CE)"], ["author", "Jing Liu"], ["year", 2016], ["category", "Graphic Novel"], ["description", "For all ages, Foundations of Chinese Civilization covers China's early history in comic form, introducing philosophies like Confucianism and Daoism, the story of the Silk Road, famous emperors like Han Wudi, and the process of China's unification."], ["created_at", "2019-01-29 05:56:10.209597"], ["updated_at", "2019-01-29 05:56:10.209597"]]
  ↳ db/seeds.rb:56
  [1m[35m (0.3ms)[0m  [1m[35mCOMMIT[0m
  ↳ db/seeds.rb:56
  [1m[35m (0.1ms)[0m  [1m[35mBEGIN[0m
  ↳ db/seeds.rb:64
  [1m[36mBook Create (0.4ms)[0m  [1m[32mINSERT INTO "books" ("title", "author", "year", "category", "description", "created_at", "updated_at") VALUES ($1, $2, $3, $4, $5, $6, $7) RETURNING "id"[0m  [["title", "The Prince"], ["author", "Niccolo Machiavelli"], ["year", 1532], ["category", "Non-Fiction"], ["description", "The Prince is a classic book that explores the attainment, maintenance, and utilization of political power in the western world. Machiavelli wrote The Prince to demonstrate his skill in the art of the state, presenting advice on how a prince might acquire and hold power. Machiavelli defended the notion of rule by force rather than by law. Accordingly, The Prince seems to rationalize a number of actions done solely to perpetuate power. It is an examination of power-its attainment, development, and successful use."], ["created_at", "2019-01-29 05:56:10.211663"], ["updated_at", "2019-01-29 05:56:10.211663"]]
  ↳ db/seeds.rb:64
  [1m[35m (0.3ms)[0m  [1m[35mCOMMIT[0m
  ↳ db/seeds.rb:64
  [1m[35m (0.1ms)[0m  [1m[35mBEGIN[0m
  ↳ db/seeds.rb:72
  [1m[36mBook Create (0.3ms)[0m  [1m[32mINSERT INTO "books" ("title", "author", "year", "category", "description", "created_at", "updated_at") VALUES ($1, $2, $3, $4, $5, $6, $7) RETURNING "id"[0m  [["title", "The Art of War"], ["author", "Sun Tzu"], ["year", -400], ["category", "Military Science"], ["description", "Attributed to the ancient Chinese military strategist Sun Tzu ('Master Sun', also spelled Sunzi) the text is composed of 13 chapters, each of which is devoted to one aspect of warfare. It is commonly thought of as a definitive work on military strategy and tactics."], ["created_at", "2019-01-29 05:56:10.213724"], ["updated_at", "2019-01-29 05:56:10.213724"]]
  ↳ db/seeds.rb:72
  [1m[35m (0.3ms)[0m  [1m[35mCOMMIT[0m
  ↳ db/seeds.rb:72
  [1m[35m (0.9ms)[0m  [1m[34mSELECT "schema_migrations"."version" FROM "schema_migrations" ORDER BY "schema_migrations"."version" ASC[0m
  ↳ /Users/kevinbai/.rbenv/versions/2.5.1/bin/annotate:23
Started GET "/books" for 127.0.0.1 at 2019-01-28 22:37:42 -0800
  [1m[35m (2.3ms)[0m  [1m[34mSELECT "schema_migrations"."version" FROM "schema_migrations" ORDER BY "schema_migrations"."version" ASC[0m
  ↳ /Users/kevinbai/.rbenv/versions/2.5.1/lib/ruby/gems/2.5.0/gems/activerecord-5.2.2/lib/active_record/log_subscriber.rb:98
  
ActionController::RoutingError (No route matches [GET] "/books"):
  
actionpack (5.2.2) lib/action_dispatch/middleware/debug_exceptions.rb:65:in `call'
web-console (3.7.0) lib/web_console/middleware.rb:135:in `call_app'
web-console (3.7.0) lib/web_console/middleware.rb:30:in `block in call'
web-console (3.7.0) lib/web_console/middleware.rb:20:in `catch'
web-console (3.7.0) lib/web_console/middleware.rb:20:in `call'
actionpack (5.2.2) lib/action_dispatch/middleware/show_exceptions.rb:33:in `call'
railties (5.2.2) lib/rails/rack/logger.rb:38:in `call_app'
railties (5.2.2) lib/rails/rack/logger.rb:26:in `block in call'
activesupport (5.2.2) lib/active_support/tagged_logging.rb:71:in `block in tagged'
activesupport (5.2.2) lib/active_support/tagged_logging.rb:28:in `tagged'
activesupport (5.2.2) lib/active_support/tagged_logging.rb:71:in `tagged'
railties (5.2.2) lib/rails/rack/logger.rb:26:in `call'
sprockets-rails (3.2.1) lib/sprockets/rails/quiet_assets.rb:13:in `call'
actionpack (5.2.2) lib/action_dispatch/middleware/remote_ip.rb:81:in `call'
actionpack (5.2.2) lib/action_dispatch/middleware/request_id.rb:27:in `call'
rack (2.0.6) lib/rack/method_override.rb:22:in `call'
rack (2.0.6) lib/rack/runtime.rb:22:in `call'
activesupport (5.2.2) lib/active_support/cache/strategy/local_cache_middleware.rb:29:in `call'
actionpack (5.2.2) lib/action_dispatch/middleware/executor.rb:14:in `call'
actionpack (5.2.2) lib/action_dispatch/middleware/static.rb:127:in `call'
rack (2.0.6) lib/rack/sendfile.rb:111:in `call'
railties (5.2.2) lib/rails/engine.rb:524:in `call'
puma (3.12.0) lib/puma/configuration.rb:225:in `call'
puma (3.12.0) lib/puma/server.rb:658:in `handle_request'
puma (3.12.0) lib/puma/server.rb:472:in `process_client'
puma (3.12.0) lib/puma/server.rb:332:in `block in run'
puma (3.12.0) lib/puma/thread_pool.rb:133:in `block in spawn_thread'
Started GET "/books" for 127.0.0.1 at 2019-01-28 22:38:38 -0800
  
ActionController::RoutingError (uninitialized constant BooksController):
  
bootsnap (1.3.2) lib/bootsnap/load_path_cache/core_ext/active_support.rb:74:in `block in load_missing_constant'
bootsnap (1.3.2) lib/bootsnap/load_path_cache/core_ext/active_support.rb:8:in `without_bootsnap_cache'
bootsnap (1.3.2) lib/bootsnap/load_path_cache/core_ext/active_support.rb:74:in `rescue in load_missing_constant'
bootsnap (1.3.2) lib/bootsnap/load_path_cache/core_ext/active_support.rb:56:in `load_missing_constant'
activesupport (5.2.2) lib/active_support/inflector/methods.rb:283:in `const_get'
activesupport (5.2.2) lib/active_support/inflector/methods.rb:283:in `block in constantize'
activesupport (5.2.2) lib/active_support/inflector/methods.rb:281:in `each'
activesupport (5.2.2) lib/active_support/inflector/methods.rb:281:in `inject'
activesupport (5.2.2) lib/active_support/inflector/methods.rb:281:in `constantize'
actionpack (5.2.2) lib/action_dispatch/http/request.rb:88:in `controller_class_for'
actionpack (5.2.2) lib/action_dispatch/http/request.rb:81:in `controller_class'
actionpack (5.2.2) lib/action_dispatch/routing/route_set.rb:46:in `controller'
actionpack (5.2.2) lib/action_dispatch/routing/route_set.rb:32:in `serve'
actionpack (5.2.2) lib/action_dispatch/journey/router.rb:52:in `block in serve'
actionpack (5.2.2) lib/action_dispatch/journey/router.rb:35:in `each'
actionpack (5.2.2) lib/action_dispatch/journey/router.rb:35:in `serve'
actionpack (5.2.2) lib/action_dispatch/routing/route_set.rb:840:in `call'
rack (2.0.6) lib/rack/tempfile_reaper.rb:15:in `call'
rack (2.0.6) lib/rack/etag.rb:25:in `call'
rack (2.0.6) lib/rack/conditional_get.rb:25:in `call'
rack (2.0.6) lib/rack/head.rb:12:in `call'
actionpack (5.2.2) lib/action_dispatch/http/content_security_policy.rb:18:in `call'
rack (2.0.6) lib/rack/session/abstract/id.rb:232:in `context'
rack (2.0.6) lib/rack/session/abstract/id.rb:226:in `call'
actionpack (5.2.2) lib/action_dispatch/middleware/cookies.rb:670:in `call'
activerecord (5.2.2) lib/active_record/migration.rb:559:in `call'
actionpack (5.2.2) lib/action_dispatch/middleware/callbacks.rb:28:in `block in call'
activesupport (5.2.2) lib/active_support/callbacks.rb:98:in `run_callbacks'
actionpack (5.2.2) lib/action_dispatch/middleware/callbacks.rb:26:in `call'
actionpack (5.2.2) lib/action_dispatch/middleware/executor.rb:14:in `call'
actionpack (5.2.2) lib/action_dispatch/middleware/debug_exceptions.rb:61:in `call'
web-console (3.7.0) lib/web_console/middleware.rb:135:in `call_app'
web-console (3.7.0) lib/web_console/middleware.rb:30:in `block in call'
web-console (3.7.0) lib/web_console/middleware.rb:20:in `catch'
web-console (3.7.0) lib/web_console/middleware.rb:20:in `call'
actionpack (5.2.2) lib/action_dispatch/middleware/show_exceptions.rb:33:in `call'
railties (5.2.2) lib/rails/rack/logger.rb:38:in `call_app'
railties (5.2.2) lib/rails/rack/logger.rb:26:in `block in call'
activesupport (5.2.2) lib/active_support/tagged_logging.rb:71:in `block in tagged'
activesupport (5.2.2) lib/active_support/tagged_logging.rb:28:in `tagged'
activesupport (5.2.2) lib/active_support/tagged_logging.rb:71:in `tagged'
railties (5.2.2) lib/rails/rack/logger.rb:26:in `call'
sprockets-rails (3.2.1) lib/sprockets/rails/quiet_assets.rb:13:in `call'
actionpack (5.2.2) lib/action_dispatch/middleware/remote_ip.rb:81:in `call'
actionpack (5.2.2) lib/action_dispatch/middleware/request_id.rb:27:in `call'
rack (2.0.6) lib/rack/method_override.rb:22:in `call'
rack (2.0.6) lib/rack/runtime.rb:22:in `call'
activesupport (5.2.2) lib/active_support/cache/strategy/local_cache_middleware.rb:29:in `call'
actionpack (5.2.2) lib/action_dispatch/middleware/executor.rb:14:in `call'
actionpack (5.2.2) lib/action_dispatch/middleware/static.rb:127:in `call'
rack (2.0.6) lib/rack/sendfile.rb:111:in `call'
railties (5.2.2) lib/rails/engine.rb:524:in `call'
puma (3.12.0) lib/puma/configuration.rb:225:in `call'
puma (3.12.0) lib/puma/server.rb:658:in `handle_request'
puma (3.12.0) lib/puma/server.rb:472:in `process_client'
puma (3.12.0) lib/puma/server.rb:332:in `block in run'
puma (3.12.0) lib/puma/thread_pool.rb:133:in `block in spawn_thread'
Started GET "/books" for 127.0.0.1 at 2019-01-28 22:40:08 -0800
Processing by BooksController#index as */*
  Parameters: {"age"=>"50"}
Completed 500 Internal Server Error in 56ms (ActiveRecord: 0.0ms)


  
ActionView::MissingTemplate (Missing template books/index, application/index with {:locale=>[:en], :formats=>[:html, :text, :js, :css, :ics, :csv, :vcf, :vtt, :png, :jpeg, :gif, :bmp, :tiff, :svg, :mpeg, :mp3, :ogg, :m4a, :webm, :mp4, :otf, :ttf, :woff, :woff2, :xml, :rss, :atom, :yaml, :multipart_form, :url_encoded_form, :json, :pdf, :zip, :gzip], :variants=>[], :handlers=>[:raw, :erb, :html, :builder, :ruby, :coffee, :jbuilder]}. Searched in:
  * "/Users/kevinbai/Desktop/aa-homework/W4D2/app/views"
):
  
app/controllers/books_controller.rb:4:in `index'
Started GET "/books" for 127.0.0.1 at 2019-01-28 22:41:31 -0800
Processing by BooksController#index as */*
  Parameters: {"age"=>"50"}
  Rendering books/index.html.erb within layouts/application
  [1m[36mBook Load (6.8ms)[0m  [1m[34mSELECT "books".* FROM "books"[0m
  ↳ app/views/books/index.html.erb:14
  Rendered books/index.html.erb within layouts/application (76.5ms)
Completed 500 Internal Server Error in 118ms (ActiveRecord: 17.7ms)


  
ActionView::Template::Error (Missing partial books/_book with {:locale=>[:en], :formats=>[:html, :text, :js, :css, :ics, :csv, :vcf, :vtt, :png, :jpeg, :gif, :bmp, :tiff, :svg, :mpeg, :mp3, :ogg, :m4a, :webm, :mp4, :otf, :ttf, :woff, :woff2, :xml, :rss, :atom, :yaml, :multipart_form, :url_encoded_form, :json, :pdf, :zip, :gzip], :variants=>[], :handlers=>[:raw, :erb, :html, :builder, :ruby, :coffee, :jbuilder]}. Searched in:
  * "/Users/kevinbai/Desktop/aa-homework/W4D2/app/views"
):
    11:       <%#= render book %>
    12:     <%# end %>
    13:   -->
    14:   <%= render @books %>
    15: </ul>
  
app/views/books/index.html.erb:14:in `_app_views_books_index_html_erb__2261180853894055882_70097889308100'
app/controllers/books_controller.rb:4:in `index'
Started GET "/books" for 127.0.0.1 at 2019-01-28 22:42:08 -0800
Processing by BooksController#index as */*
  Parameters: {"age"=>"50"}
  [1m[36mBook Load (0.8ms)[0m  [1m[34mSELECT "books".* FROM "books"[0m
  ↳ app/controllers/books_controller.rb:4
Completed 200 OK in 28ms (Views: 14.4ms | ActiveRecord: 10.6ms)


Started GET "/books" for 127.0.0.1 at 2019-01-28 22:42:27 -0800
Processing by BooksController#index as */*
  Parameters: {"age"=>"50"}
  Rendering books/index.html.erb within layouts/application
  [1m[36mBook Load (0.4ms)[0m  [1m[34mSELECT "books".* FROM "books"[0m
  ↳ app/views/books/index.html.erb:14
  Rendered books/index.html.erb within layouts/application (62.2ms)
Completed 500 Internal Server Error in 20335ms (ActiveRecord: 5.6ms)


  
ActionView::Template::Error (Missing partial books/_book with {:locale=>[:en], :formats=>[:html, :text, :js, :css, :ics, :csv, :vcf, :vtt, :png, :jpeg, :gif, :bmp, :tiff, :svg, :mpeg, :mp3, :ogg, :m4a, :webm, :mp4, :otf, :ttf, :woff, :woff2, :xml, :rss, :atom, :yaml, :multipart_form, :url_encoded_form, :json, :pdf, :zip, :gzip], :variants=>[], :handlers=>[:raw, :erb, :html, :builder, :ruby, :coffee, :jbuilder]}. Searched in:
  * "/Users/kevinbai/Desktop/aa-homework/W4D2/app/views"
):
    11:       <%#= render book %>
    12:     <%# end %>
    13:   -->
    14:   <%= render @books %>
    15: </ul>
  
app/views/books/index.html.erb:14:in `_app_views_books_index_html_erb__2261180853894055882_70097912695360'
app/controllers/books_controller.rb:5:in `index'
Started GET "/books" for 127.0.0.1 at 2019-01-28 22:43:51 -0800
  [1m[35m (1.3ms)[0m  [1m[34mSELECT "schema_migrations"."version" FROM "schema_migrations" ORDER BY "schema_migrations"."version" ASC[0m
  ↳ /Users/kevinbai/.rbenv/versions/2.5.1/lib/ruby/gems/2.5.0/gems/activerecord-5.2.2/lib/active_record/log_subscriber.rb:98
Processing by BooksController#index as */*
  Parameters: {"age"=>"50"}
  Rendering books/index.html.erb within layouts/application
  [1m[36mBook Load (0.7ms)[0m  [1m[34mSELECT "books".* FROM "books"[0m
  ↳ app/views/books/index.html.erb:9
  Rendered books/index.html.erb within layouts/application (64.7ms)
Completed 500 Internal Server Error in 105ms (ActiveRecord: 6.1ms)


  
ActionView::Template::Error (Missing partial books/_book with {:locale=>[:en], :formats=>[:html, :text, :js, :css, :ics, :csv, :vcf, :vtt, :png, :jpeg, :gif, :bmp, :tiff, :svg, :mpeg, :mp3, :ogg, :m4a, :webm, :mp4, :otf, :ttf, :woff, :woff2, :xml, :rss, :atom, :yaml, :multipart_form, :url_encoded_form, :json, :pdf, :zip, :gzip], :variants=>[], :handlers=>[:raw, :erb, :html, :builder, :ruby, :coffee, :jbuilder]}. Searched in:
  * "/Users/kevinbai/Desktop/aa-homework/W4D2/app/views"
):
     7: 
     8: <ul>
     9:     <% @books.each do |book| %>
    10:       <li><%= render book %></li>
    11:     <% end %>
    12: </ul>
  
app/views/books/index.html.erb:10:in `block in _app_views_books_index_html_erb__3539379562874494931_70223991512700'
app/views/books/index.html.erb:9:in `_app_views_books_index_html_erb__3539379562874494931_70223991512700'
app/controllers/books_controller.rb:4:in `index'
Started GET "/books" for 127.0.0.1 at 2019-01-28 22:44:08 -0800
Processing by BooksController#index as */*
  Parameters: {"age"=>"50"}
  Rendering books/index.html.erb within layouts/application
  [1m[36mBook Load (0.6ms)[0m  [1m[34mSELECT "books".* FROM "books"[0m
  ↳ app/views/books/index.html.erb:9
  Rendered books/index.html.erb within layouts/application (51.7ms)
Completed 500 Internal Server Error in 92ms (ActiveRecord: 0.6ms)


  
ActionView::Template::Error (Missing partial books/_book with {:locale=>[:en], :formats=>[:html, :text, :js, :css, :ics, :csv, :vcf, :vtt, :png, :jpeg, :gif, :bmp, :tiff, :svg, :mpeg, :mp3, :ogg, :m4a, :webm, :mp4, :otf, :ttf, :woff, :woff2, :xml, :rss, :atom, :yaml, :multipart_form, :url_encoded_form, :json, :pdf, :zip, :gzip], :variants=>[], :handlers=>[:raw, :erb, :html, :builder, :ruby, :coffee, :jbuilder]}. Searched in:
  * "/Users/kevinbai/Desktop/aa-homework/W4D2/app/views"
):
     7: 
     8: <ul>
     9:     <% @books.each do |book| %>
    10:       <%= render book %>
    11:     <% end %>
    12: </ul>
  
app/views/books/index.html.erb:10:in `block in _app_views_books_index_html_erb__3539379562874494931_70223973666200'
app/views/books/index.html.erb:9:in `_app_views_books_index_html_erb__3539379562874494931_70223973666200'
app/controllers/books_controller.rb:4:in `index'
Started GET "/books" for 127.0.0.1 at 2019-01-28 22:45:01 -0800
Processing by BooksController#index as */*
  Parameters: {"age"=>"50"}
  Rendering books/index.html.erb within layouts/application
  Rendered books/index.html.erb within layouts/application (0.5ms)
Completed 200 OK in 759ms (Views: 758.2ms | ActiveRecord: 0.0ms)


Started GET "/books" for 127.0.0.1 at 2019-01-28 22:45:47 -0800
Processing by BooksController#index as */*
  Parameters: {"age"=>"50"}
  [1m[36mBook Load (0.7ms)[0m  [1m[34mSELECT  "books".* FROM "books" LIMIT $1[0m  [["LIMIT", 11]]
  ↳ /Users/kevinbai/.rbenv/versions/2.5.1/lib/ruby/gems/2.5.0/gems/activerecord-5.2.2/lib/active_record/log_subscriber.rb:98
  [1m[36mCACHE Book Load (0.0ms)[0m  [1m[34mSELECT  "books".* FROM "books" LIMIT $1[0m  [["LIMIT", 11]]
  ↳ /Users/kevinbai/.rbenv/versions/2.5.1/lib/ruby/gems/2.5.0/gems/activerecord-5.2.2/lib/active_record/log_subscriber.rb:98
Completed 500 Internal Server Error in 221ms (ActiveRecord: 0.0ms)


  
  [1m[36mCACHE Book Load (0.0ms)[0m  [1m[34mSELECT  "books".* FROM "books" LIMIT $1[0m  [["LIMIT", 11]]
  ↳ /Users/kevinbai/.rbenv/versions/2.5.1/lib/ruby/gems/2.5.0/gems/activerecord-5.2.2/lib/active_record/log_subscriber.rb:98
NameError (undefined local variable or method `books' for #<BooksController:0x00007fbc9b968458>
Did you mean?  @books):
  
app/controllers/books_controller.rb:5:in `index'
Started GET "/books" for 127.0.0.1 at 2019-01-28 22:45:56 -0800
Processing by BooksController#index as */*
  Parameters: {"age"=>"50"}
Completed 500 Internal Server Error in 191ms (ActiveRecord: 0.0ms)


  
NameError (undefined local variable or method `books' for #<BooksController:0x00007fbc9a6791d0>
Did you mean?  books_url):
  
app/controllers/books_controller.rb:5:in `index'
Started GET "/books" for 127.0.0.1 at 2019-01-28 22:46:10 -0800
Processing by BooksController#index as */*
  Parameters: {"age"=>"50"}
Completed 500 Internal Server Error in 4ms (ActiveRecord: 0.0ms)


  
NameError (uninitialized constant BooksController::Books):
  
app/controllers/books_controller.rb:5:in `index'
Started GET "/books" for 127.0.0.1 at 2019-01-28 22:46:31 -0800
Processing by BooksController#index as */*
  Parameters: {"age"=>"50"}
Completed 200 OK in 1ms (Views: 0.4ms | ActiveRecord: 0.0ms)


Started GET "/books" for 127.0.0.1 at 2019-01-28 22:47:22 -0800
Processing by BooksController#index as */*
  Parameters: {"age"=>"50"}
Completed 200 OK in 1ms (Views: 0.2ms | ActiveRecord: 0.0ms)


Started GET "/books" for 127.0.0.1 at 2019-01-28 22:47:41 -0800
Processing by BooksController#index as */*
  Parameters: {"age"=>"50"}
  [1m[36mBook Load (0.4ms)[0m  [1m[34mSELECT "books".* FROM "books"[0m
  ↳ app/controllers/books_controller.rb:5
Completed 200 OK in 32ms (Views: 22.1ms | ActiveRecord: 6.6ms)


Started GET "/books" for 127.0.0.1 at 2019-01-28 22:48:10 -0800
Processing by BooksController#index as */*
  Parameters: {"age"=>"50"}
  [1m[36mBook Load (0.8ms)[0m  [1m[34mSELECT "books".* FROM "books"[0m
  ↳ app/controllers/books_controller.rb:5
Completed 200 OK in 47ms (Views: 29.3ms | ActiveRecord: 13.0ms)


Started GET "/books/1" for 127.0.0.1 at 2019-01-28 22:49:18 -0800
Processing by BooksController#show as */*
  Parameters: {"age"=>"50", "id"=>"1"}
  [1m[36mBook Load (2.8ms)[0m  [1m[34mSELECT  "books".* FROM "books" WHERE "books"."id" = $1 LIMIT $2[0m  [["id", 1], ["LIMIT", 1]]
  ↳ app/controllers/books_controller.rb:9
Completed 500 Internal Server Error in 75ms (ActiveRecord: 3.2ms)


  
ActionView::MissingTemplate (Missing template books/show, application/show with {:locale=>[:en], :formats=>[:html, :text, :js, :css, :ics, :csv, :vcf, :vtt, :png, :jpeg, :gif, :bmp, :tiff, :svg, :mpeg, :mp3, :ogg, :m4a, :webm, :mp4, :otf, :ttf, :woff, :woff2, :xml, :rss, :atom, :yaml, :multipart_form, :url_encoded_form, :json, :pdf, :zip, :gzip], :variants=>[], :handlers=>[:raw, :erb, :html, :builder, :ruby, :coffee, :jbuilder]}. Searched in:
  * "/Users/kevinbai/Desktop/aa-homework/W4D2/app/views"
):
  
app/controllers/books_controller.rb:12:in `show'
Started GET "/books/1" for 127.0.0.1 at 2019-01-28 22:49:43 -0800
Processing by BooksController#show as */*
  Parameters: {"age"=>"50", "id"=>"1"}
  [1m[36mBook Load (0.4ms)[0m  [1m[34mSELECT  "books".* FROM "books" WHERE "books"."id" = $1 LIMIT $2[0m  [["id", 1], ["LIMIT", 1]]
  ↳ app/controllers/books_controller.rb:9
Completed 200 OK in 19ms (Views: 0.6ms | ActiveRecord: 6.5ms)


