  [1m[35m (1.9ms)[0m  [1m[35mCREATE DATABASE "ninety_nine_cats_development" ENCODING = 'unicode'[0m
  [1m[35m (6.6ms)[0m  [1m[35mCREATE DATABASE "ninety_nine_cats_test" ENCODING = 'unicode'[0m
  [1m[35m (0.9ms)[0m  [1m[34mSELECT "schema_migrations"."version" FROM "schema_migrations" ORDER BY "schema_migrations"."version" ASC[0m
  [1m[35m (0.5ms)[0m  [1m[34mSELECT "ar_internal_metadata"."value" FROM "ar_internal_metadata" WHERE "ar_internal_metadata"."key" = $1[0m  [["key", "environment"]]
  [1m[35m (0.3ms)[0m  [1m[34mSELECT "schema_migrations"."version" FROM "schema_migrations" ORDER BY "schema_migrations"."version" ASC[0m
  [1m[35m (0.2ms)[0m  [1m[34mSELECT "ar_internal_metadata"."value" FROM "ar_internal_metadata" WHERE "ar_internal_metadata"."key" = $1[0m  [["key", "environment"]]
  [1m[35m (0.2ms)[0m  [1m[34mSELECT "schema_migrations"."version" FROM "schema_migrations" ORDER BY "schema_migrations"."version" ASC[0m
  [1m[35m (0.2ms)[0m  [1m[34mSELECT "ar_internal_metadata"."value" FROM "ar_internal_metadata" WHERE "ar_internal_metadata"."key" = $1[0m  [["key", "environment"]]
  [1m[35mSQL (0.3ms)[0m  [1m[35mCREATE EXTENSION IF NOT EXISTS "plpgsql"[0m
  [1m[35m (7.6ms)[0m  [1m[35mDROP TABLE IF EXISTS "cat_rental_requests" CASCADE[0m
  [1m[35m (9.9ms)[0m  [1m[35mCREATE TABLE "cat_rental_requests" ("id" bigserial primary key, "cat_id" integer NOT NULL, "end_date" date NOT NULL, "start_date" date NOT NULL, "status" character varying NOT NULL, "created_at" timestamp NOT NULL, "updated_at" timestamp NOT NULL, "user_id" integer NOT NULL)[0m
  [1m[35m (1.4ms)[0m  [1m[35mCREATE  INDEX  "index_cat_rental_requests_on_cat_id" ON "cat_rental_requests"  ("cat_id")[0m
  [1m[35m (1.4ms)[0m  [1m[35mCREATE  INDEX  "index_cat_rental_requests_on_user_id" ON "cat_rental_requests"  ("user_id")[0m
  [1m[35m (2.6ms)[0m  [1m[35mDROP TABLE IF EXISTS "cats" CASCADE[0m
  [1m[35m (4.4ms)[0m  [1m[35mCREATE TABLE "cats" ("id" bigserial primary key, "birth_date" date NOT NULL, "color" character varying NOT NULL, "name" character varying NOT NULL, "sex" character varying(1) NOT NULL, "description" text, "created_at" timestamp NOT NULL, "updated_at" timestamp NOT NULL, "user_id" integer NOT NULL)[0m
  [1m[35m (1.5ms)[0m  [1m[35mCREATE  INDEX  "index_cats_on_user_id" ON "cats"  ("user_id")[0m
  [1m[35m (7.0ms)[0m  [1m[35mDROP TABLE IF EXISTS "users" CASCADE[0m
  [1m[35m (4.5ms)[0m  [1m[35mCREATE TABLE "users" ("id" bigserial primary key, "password_digest" character varying NOT NULL, "session_token" character varying NOT NULL, "username" character varying NOT NULL, "created_at" timestamp NOT NULL, "updated_at" timestamp NOT NULL)[0m
  [1m[35m (1.4ms)[0m  [1m[35mCREATE UNIQUE INDEX  "index_users_on_session_token" ON "users"  ("session_token")[0m
  [1m[35m (1.2ms)[0m  [1m[35mCREATE UNIQUE INDEX  "index_users_on_username" ON "users"  ("username")[0m
  [1m[35m (0.8ms)[0m  [1m[34mSELECT "schema_migrations"."version" FROM "schema_migrations" ORDER BY "schema_migrations"."version" ASC[0m
  [1m[35m (0.8ms)[0m  [1m[32mINSERT INTO "schema_migrations" (version) VALUES (20170714042724)[0m
  [1m[35m (0.9ms)[0m  [1m[32mINSERT INTO "schema_migrations" (version) VALUES
(20170714033951),
(20170714042324),
(20170714042032),
(20170714033817);

[0m
  [1m[36mActiveRecord::InternalMetadata Load (0.5ms)[0m  [1m[34mSELECT  "ar_internal_metadata".* FROM "ar_internal_metadata" WHERE "ar_internal_metadata"."key" = $1 LIMIT $2[0m  [["key", "environment"], ["LIMIT", 1]]
  [1m[35m (0.5ms)[0m  [1m[35mBEGIN[0m
  [1m[35m (0.2ms)[0m  [1m[35mCOMMIT[0m
  [1m[36mActiveRecord::InternalMetadata Load (0.3ms)[0m  [1m[34mSELECT  "ar_internal_metadata".* FROM "ar_internal_metadata" WHERE "ar_internal_metadata"."key" = $1 LIMIT $2[0m  [["key", "environment"], ["LIMIT", 1]]
  [1m[35m (0.1ms)[0m  [1m[35mBEGIN[0m
  [1m[35m (0.1ms)[0m  [1m[35mCOMMIT[0m
  [1m[35mSQL (0.8ms)[0m  [1m[35mCREATE EXTENSION IF NOT EXISTS "plpgsql"[0m
  [1m[35m (6.8ms)[0m  [1m[35mDROP TABLE IF EXISTS "cat_rental_requests" CASCADE[0m
  [1m[35m (12.6ms)[0m  [1m[35mCREATE TABLE "cat_rental_requests" ("id" bigserial primary key, "cat_id" integer NOT NULL, "end_date" date NOT NULL, "start_date" date NOT NULL, "status" character varying NOT NULL, "created_at" timestamp NOT NULL, "updated_at" timestamp NOT NULL, "user_id" integer NOT NULL)[0m
  [1m[35m (4.2ms)[0m  [1m[35mCREATE  INDEX  "index_cat_rental_requests_on_cat_id" ON "cat_rental_requests"  ("cat_id")[0m
  [1m[35m (1.5ms)[0m  [1m[35mCREATE  INDEX  "index_cat_rental_requests_on_user_id" ON "cat_rental_requests"  ("user_id")[0m
  [1m[35m (3.9ms)[0m  [1m[35mDROP TABLE IF EXISTS "cats" CASCADE[0m
  [1m[35m (6.8ms)[0m  [1m[35mCREATE TABLE "cats" ("id" bigserial primary key, "birth_date" date NOT NULL, "color" character varying NOT NULL, "name" character varying NOT NULL, "sex" character varying(1) NOT NULL, "description" text, "created_at" timestamp NOT NULL, "updated_at" timestamp NOT NULL, "user_id" integer NOT NULL)[0m
  [1m[35m (2.2ms)[0m  [1m[35mCREATE  INDEX  "index_cats_on_user_id" ON "cats"  ("user_id")[0m
  [1m[35m (3.3ms)[0m  [1m[35mDROP TABLE IF EXISTS "users" CASCADE[0m
  [1m[35m (11.5ms)[0m  [1m[35mCREATE TABLE "users" ("id" bigserial primary key, "password_digest" character varying NOT NULL, "session_token" character varying NOT NULL, "username" character varying NOT NULL, "created_at" timestamp NOT NULL, "updated_at" timestamp NOT NULL)[0m
  [1m[35m (4.4ms)[0m  [1m[35mCREATE UNIQUE INDEX  "index_users_on_session_token" ON "users"  ("session_token")[0m
  [1m[35m (1.9ms)[0m  [1m[35mCREATE UNIQUE INDEX  "index_users_on_username" ON "users"  ("username")[0m
  [1m[35m (1.3ms)[0m  [1m[34mSELECT "schema_migrations"."version" FROM "schema_migrations" ORDER BY "schema_migrations"."version" ASC[0m
  [1m[35m (0.8ms)[0m  [1m[32mINSERT INTO "schema_migrations" (version) VALUES (20170714042724)[0m
  [1m[35m (1.0ms)[0m  [1m[32mINSERT INTO "schema_migrations" (version) VALUES
(20170714033951),
(20170714042324),
(20170714042032),
(20170714033817);

[0m
  [1m[36mActiveRecord::InternalMetadata Load (1.0ms)[0m  [1m[34mSELECT  "ar_internal_metadata".* FROM "ar_internal_metadata" WHERE "ar_internal_metadata"."key" = $1 LIMIT $2[0m  [["key", "environment"], ["LIMIT", 1]]
  [1m[35m (0.3ms)[0m  [1m[35mBEGIN[0m
  [1m[36mActiveRecord::InternalMetadata Update (0.8ms)[0m  [1m[33mUPDATE "ar_internal_metadata" SET "value" = $1, "updated_at" = $2 WHERE "ar_internal_metadata"."key" = $3[0m  [["value", "development"], ["updated_at", "2019-01-31 09:10:42.615719"], ["key", "environment"]]
  [1m[35m (2.2ms)[0m  [1m[35mCOMMIT[0m
  [1m[36mActiveRecord::InternalMetadata Load (0.6ms)[0m  [1m[34mSELECT  "ar_internal_metadata".* FROM "ar_internal_metadata" WHERE "ar_internal_metadata"."key" = $1 LIMIT $2[0m  [["key", "environment"], ["LIMIT", 1]]
  [1m[35m (0.2ms)[0m  [1m[35mBEGIN[0m
  [1m[36mActiveRecord::InternalMetadata Update (0.6ms)[0m  [1m[33mUPDATE "ar_internal_metadata" SET "value" = $1, "updated_at" = $2 WHERE "ar_internal_metadata"."key" = $3[0m  [["value", "test"], ["updated_at", "2019-01-31 09:10:42.626565"], ["key", "environment"]]
  [1m[35m (0.4ms)[0m  [1m[35mCOMMIT[0m
  [1m[35m (0.9ms)[0m  [1m[34mSELECT "schema_migrations"."version" FROM "schema_migrations" ORDER BY "schema_migrations"."version" ASC[0m
  [1m[35m (0.2ms)[0m  [1m[35mBEGIN[0m
  [1m[36mUser Exists (1.8ms)[0m  [1m[34mSELECT  1 AS one FROM "users" WHERE "users"."username" = $1 LIMIT $2[0m  [["username", "Piedad Hammes"], ["LIMIT", 1]]
  [1m[36mUser Exists (1.8ms)[0m  [1m[34mSELECT  1 AS one FROM "users" WHERE "users"."session_token" = $1 LIMIT $2[0m  [["session_token", "3l3nG9EsbacAt-62D6MUtA"], ["LIMIT", 1]]
  [1m[36mUser Create (1.7ms)[0m  [1m[32mINSERT INTO "users" ("password_digest", "session_token", "username", "created_at", "updated_at") VALUES ($1, $2, $3, $4, $5) RETURNING "id"[0m  [["password_digest", "$2a$10$IGXVHdT728y0mpFi3c2JYeT7Qfh5IJYzwBQhdZ9uPdCoPz310yUJW"], ["session_token", "3l3nG9EsbacAt-62D6MUtA"], ["username", "Piedad Hammes"], ["created_at", "2019-01-31 09:10:43.607244"], ["updated_at", "2019-01-31 09:10:43.607244"]]
  [1m[35m (1.3ms)[0m  [1m[35mCOMMIT[0m
  [1m[35m (0.3ms)[0m  [1m[35mBEGIN[0m
  [1m[36mUser Load (0.4ms)[0m  [1m[34mSELECT  "users".* FROM "users" WHERE "users"."id" = $1 LIMIT $2[0m  [["id", 1], ["LIMIT", 1]]
  [1m[36mCat Create (1.4ms)[0m  [1m[32mINSERT INTO "cats" ("birth_date", "color", "name", "sex", "description", "created_at", "updated_at", "user_id") VALUES ($1, $2, $3, $4, $5, $6, $7, $8) RETURNING "id"[0m  [["birth_date", "2010-09-03"], ["color", "brown"], ["name", "helvetica"], ["sex", "F"], ["description", "Tilde before they sold out umami wolf chartreuse microdosing narwhal mixtape."], ["created_at", "2019-01-31 09:10:43.656274"], ["updated_at", "2019-01-31 09:10:43.656274"], ["user_id", 1]]
  [1m[35m (0.4ms)[0m  [1m[35mCOMMIT[0m
  [1m[35m (0.5ms)[0m  [1m[35mBEGIN[0m
  [1m[36mUser Exists (0.5ms)[0m  [1m[34mSELECT  1 AS one FROM "users" WHERE "users"."username" = $1 LIMIT $2[0m  [["username", "Jose Kuphal"], ["LIMIT", 1]]
  [1m[36mUser Exists (0.3ms)[0m  [1m[34mSELECT  1 AS one FROM "users" WHERE "users"."session_token" = $1 LIMIT $2[0m  [["session_token", "pQPGlirB46ijdSzcjKBDyg"], ["LIMIT", 1]]
  [1m[36mUser Create (0.3ms)[0m  [1m[32mINSERT INTO "users" ("password_digest", "session_token", "username", "created_at", "updated_at") VALUES ($1, $2, $3, $4, $5) RETURNING "id"[0m  [["password_digest", "$2a$10$Gpldxb7jR/dzI9rTU9lVxORbeNi1rw1gFY.xgGBc0l1JSMxWiz1jy"], ["session_token", "pQPGlirB46ijdSzcjKBDyg"], ["username", "Jose Kuphal"], ["created_at", "2019-01-31 09:10:43.727480"], ["updated_at", "2019-01-31 09:10:43.727480"]]
  [1m[35m (0.4ms)[0m  [1m[35mCOMMIT[0m
  [1m[35m (0.1ms)[0m  [1m[35mBEGIN[0m
  [1m[36mUser Load (0.3ms)[0m  [1m[34mSELECT  "users".* FROM "users" WHERE "users"."id" = $1 LIMIT $2[0m  [["id", 2], ["LIMIT", 1]]
  [1m[36mCat Create (0.3ms)[0m  [1m[32mINSERT INTO "cats" ("birth_date", "color", "name", "sex", "description", "created_at", "updated_at", "user_id") VALUES ($1, $2, $3, $4, $5, $6, $7, $8) RETURNING "id"[0m  [["birth_date", "2009-09-20"], ["color", "white"], ["name", "neutra"], ["sex", "F"], ["description", "Stumptown pinterest fanny pack whatever marfa squid."], ["created_at", "2019-01-31 09:10:43.730743"], ["updated_at", "2019-01-31 09:10:43.730743"], ["user_id", 2]]
  [1m[35m (0.3ms)[0m  [1m[35mCOMMIT[0m
  [1m[35m (0.2ms)[0m  [1m[35mBEGIN[0m
  [1m[36mUser Exists (0.4ms)[0m  [1m[34mSELECT  1 AS one FROM "users" WHERE "users"."username" = $1 LIMIT $2[0m  [["username", "Dr. Nicholle Hickle"], ["LIMIT", 1]]
  [1m[36mUser Exists (0.3ms)[0m  [1m[34mSELECT  1 AS one FROM "users" WHERE "users"."session_token" = $1 LIMIT $2[0m  [["session_token", "UkgB8PYNloP5dZHNQFhRdw"], ["LIMIT", 1]]
  [1m[36mUser Create (0.3ms)[0m  [1m[32mINSERT INTO "users" ("password_digest", "session_token", "username", "created_at", "updated_at") VALUES ($1, $2, $3, $4, $5) RETURNING "id"[0m  [["password_digest", "$2a$10$N.IhdeD/qeSoRyuQYwazc.9WgMZNE7jes114sXSmpE1FG0rJ4IR0O"], ["session_token", "UkgB8PYNloP5dZHNQFhRdw"], ["username", "Dr. Nicholle Hickle"], ["created_at", "2019-01-31 09:10:43.793524"], ["updated_at", "2019-01-31 09:10:43.793524"]]
  [1m[35m (1.2ms)[0m  [1m[35mCOMMIT[0m
  [1m[35m (0.1ms)[0m  [1m[35mBEGIN[0m
  [1m[36mUser Load (0.3ms)[0m  [1m[34mSELECT  "users".* FROM "users" WHERE "users"."id" = $1 LIMIT $2[0m  [["id", 3], ["LIMIT", 1]]
  [1m[36mCat Create (0.3ms)[0m  [1m[32mINSERT INTO "cats" ("birth_date", "color", "name", "sex", "description", "created_at", "updated_at", "user_id") VALUES ($1, $2, $3, $4, $5, $6, $7, $8) RETURNING "id"[0m  [["birth_date", "2011-11-13"], ["color", "orange"], ["name", "neutra"], ["sex", "M"], ["description", "You probably haven't heard of them park master aesthetic."], ["created_at", "2019-01-31 09:10:43.797513"], ["updated_at", "2019-01-31 09:10:43.797513"], ["user_id", 3]]
  [1m[35m (0.3ms)[0m  [1m[35mCOMMIT[0m
  [1m[35m (0.2ms)[0m  [1m[35mBEGIN[0m
  [1m[36mUser Exists (0.3ms)[0m  [1m[34mSELECT  1 AS one FROM "users" WHERE "users"."username" = $1 LIMIT $2[0m  [["username", "Mrs. Nevada Mohr"], ["LIMIT", 1]]
  [1m[36mUser Exists (0.4ms)[0m  [1m[34mSELECT  1 AS one FROM "users" WHERE "users"."session_token" = $1 LIMIT $2[0m  [["session_token", "Fztk3fF8LzzOh8SGZsViCQ"], ["LIMIT", 1]]
  [1m[36mUser Create (0.4ms)[0m  [1m[32mINSERT INTO "users" ("password_digest", "session_token", "username", "created_at", "updated_at") VALUES ($1, $2, $3, $4, $5) RETURNING "id"[0m  [["password_digest", "$2a$10$5H7m3knXWoLH8eyCiqC.Oe951uuHaz3Y9TPIKMEW7P5oiOhtec1s2"], ["session_token", "Fztk3fF8LzzOh8SGZsViCQ"], ["username", "Mrs. Nevada Mohr"], ["created_at", "2019-01-31 09:10:43.865664"], ["updated_at", "2019-01-31 09:10:43.865664"]]
  [1m[35m (1.1ms)[0m  [1m[35mCOMMIT[0m
  [1m[35m (0.2ms)[0m  [1m[35mBEGIN[0m
  [1m[36mUser Load (3.0ms)[0m  [1m[34mSELECT  "users".* FROM "users" WHERE "users"."id" = $1 LIMIT $2[0m  [["id", 4], ["LIMIT", 1]]
  [1m[36mCat Create (0.6ms)[0m  [1m[32mINSERT INTO "cats" ("birth_date", "color", "name", "sex", "description", "created_at", "updated_at", "user_id") VALUES ($1, $2, $3, $4, $5, $6, $7, $8) RETURNING "id"[0m  [["birth_date", "2015-05-12"], ["color", "black"], ["name", "cliche"], ["sex", "M"], ["description", "Aesthetic salvia fingerstache swag chillwave flexitarian tilde sriracha."], ["created_at", "2019-01-31 09:10:43.877435"], ["updated_at", "2019-01-31 09:10:43.877435"], ["user_id", 4]]
  [1m[35m (0.5ms)[0m  [1m[35mCOMMIT[0m
  [1m[35m (0.3ms)[0m  [1m[35mBEGIN[0m
  [1m[36mUser Exists (0.4ms)[0m  [1m[34mSELECT  1 AS one FROM "users" WHERE "users"."username" = $1 LIMIT $2[0m  [["username", "Horace O'Kon"], ["LIMIT", 1]]
  [1m[36mUser Exists (0.4ms)[0m  [1m[34mSELECT  1 AS one FROM "users" WHERE "users"."session_token" = $1 LIMIT $2[0m  [["session_token", "QrZfd0UbaoPiweAhNVU8Bw"], ["LIMIT", 1]]
  [1m[36mUser Create (0.5ms)[0m  [1m[32mINSERT INTO "users" ("password_digest", "session_token", "username", "created_at", "updated_at") VALUES ($1, $2, $3, $4, $5) RETURNING "id"[0m  [["password_digest", "$2a$10$to8BGdJM3/iCBxL0f4yFYO9bTnOkeLKhTW5Cv6.frvioC8jDq1NqW"], ["session_token", "QrZfd0UbaoPiweAhNVU8Bw"], ["username", "Horace O'Kon"], ["created_at", "2019-01-31 09:10:43.948213"], ["updated_at", "2019-01-31 09:10:43.948213"]]
  [1m[35m (0.3ms)[0m  [1m[35mCOMMIT[0m
  [1m[35m (0.1ms)[0m  [1m[35mBEGIN[0m
  [1m[36mUser Load (0.4ms)[0m  [1m[34mSELECT  "users".* FROM "users" WHERE "users"."id" = $1 LIMIT $2[0m  [["id", 5], ["LIMIT", 1]]
  [1m[36mCat Create (2.7ms)[0m  [1m[32mINSERT INTO "cats" ("birth_date", "color", "name", "sex", "description", "created_at", "updated_at", "user_id") VALUES ($1, $2, $3, $4, $5, $6, $7, $8) RETURNING "id"[0m  [["birth_date", "2012-04-09"], ["color", "black"], ["name", "tousled"], ["sex", "F"], ["description", "Tattooed venmo marfa microdosing locavore."], ["created_at", "2019-01-31 09:10:43.952505"], ["updated_at", "2019-01-31 09:10:43.952505"], ["user_id", 5]]
  [1m[35m (1.0ms)[0m  [1m[35mCOMMIT[0m
  [1m[35m (0.2ms)[0m  [1m[35mBEGIN[0m
  [1m[36mUser Exists (0.4ms)[0m  [1m[34mSELECT  1 AS one FROM "users" WHERE "users"."username" = $1 LIMIT $2[0m  [["username", "Matthew Gibson"], ["LIMIT", 1]]
  [1m[36mUser Exists (0.3ms)[0m  [1m[34mSELECT  1 AS one FROM "users" WHERE "users"."session_token" = $1 LIMIT $2[0m  [["session_token", "_UPb2CGF6IGSoD0ux4HQrQ"], ["LIMIT", 1]]
  [1m[36mUser Create (0.3ms)[0m  [1m[32mINSERT INTO "users" ("password_digest", "session_token", "username", "created_at", "updated_at") VALUES ($1, $2, $3, $4, $5) RETURNING "id"[0m  [["password_digest", "$2a$10$RDZyk6qlkUGM/tWXIyoc0eJFtah78ucJlKSrwgX4YAJFmPIMW0Qye"], ["session_token", "_UPb2CGF6IGSoD0ux4HQrQ"], ["username", "Matthew Gibson"], ["created_at", "2019-01-31 09:10:44.024180"], ["updated_at", "2019-01-31 09:10:44.024180"]]
  [1m[35m (1.2ms)[0m  [1m[35mCOMMIT[0m
  [1m[35m (0.2ms)[0m  [1m[35mBEGIN[0m
  [1m[36mUser Load (0.4ms)[0m  [1m[34mSELECT  "users".* FROM "users" WHERE "users"."id" = $1 LIMIT $2[0m  [["id", 6], ["LIMIT", 1]]
  [1m[36mCat Create (0.4ms)[0m  [1m[32mINSERT INTO "cats" ("birth_date", "color", "name", "sex", "description", "created_at", "updated_at", "user_id") VALUES ($1, $2, $3, $4, $5, $6, $7, $8) RETURNING "id"[0m  [["birth_date", "2018-04-17"], ["color", "brown"], ["name", "pour-over"], ["sex", "F"], ["description", "Plaid cardigan carry sartorial ugh keffiyeh pickled tofu."], ["created_at", "2019-01-31 09:10:44.028937"], ["updated_at", "2019-01-31 09:10:44.028937"], ["user_id", 6]]
  [1m[35m (0.3ms)[0m  [1m[35mCOMMIT[0m
  [1m[35m (0.2ms)[0m  [1m[35mBEGIN[0m
  [1m[36mUser Exists (0.4ms)[0m  [1m[34mSELECT  1 AS one FROM "users" WHERE "users"."username" = $1 LIMIT $2[0m  [["username", "Giovanni Nader V"], ["LIMIT", 1]]
  [1m[36mUser Exists (0.3ms)[0m  [1m[34mSELECT  1 AS one FROM "users" WHERE "users"."session_token" = $1 LIMIT $2[0m  [["session_token", "2QrzejZfPRbIaG1QSQNJnA"], ["LIMIT", 1]]
  [1m[36mUser Create (0.3ms)[0m  [1m[32mINSERT INTO "users" ("password_digest", "session_token", "username", "created_at", "updated_at") VALUES ($1, $2, $3, $4, $5) RETURNING "id"[0m  [["password_digest", "$2a$10$WwdzQKNaPQtch7Ba0EbiZ.kUfcnyPpdLSK9APqLQnw7HzDhsaiRLe"], ["session_token", "2QrzejZfPRbIaG1QSQNJnA"], ["username", "Giovanni Nader V"], ["created_at", "2019-01-31 09:10:44.093577"], ["updated_at", "2019-01-31 09:10:44.093577"]]
  [1m[35m (1.2ms)[0m  [1m[35mCOMMIT[0m
  [1m[35m (0.1ms)[0m  [1m[35mBEGIN[0m
  [1m[36mUser Load (0.2ms)[0m  [1m[34mSELECT  "users".* FROM "users" WHERE "users"."id" = $1 LIMIT $2[0m  [["id", 7], ["LIMIT", 1]]
  [1m[36mCat Create (0.4ms)[0m  [1m[32mINSERT INTO "cats" ("birth_date", "color", "name", "sex", "description", "created_at", "updated_at", "user_id") VALUES ($1, $2, $3, $4, $5, $6, $7, $8) RETURNING "id"[0m  [["birth_date", "2011-03-08"], ["color", "black"], ["name", "ethical"], ["sex", "F"], ["description", "Health pour-over austin blue bottle twee."], ["created_at", "2019-01-31 09:10:44.097535"], ["updated_at", "2019-01-31 09:10:44.097535"], ["user_id", 7]]
  [1m[35m (0.4ms)[0m  [1m[35mCOMMIT[0m
  [1m[35m (0.1ms)[0m  [1m[35mBEGIN[0m
  [1m[36mUser Exists (0.3ms)[0m  [1m[34mSELECT  1 AS one FROM "users" WHERE "users"."username" = $1 LIMIT $2[0m  [["username", "Sanda Conn"], ["LIMIT", 1]]
  [1m[36mUser Exists (0.3ms)[0m  [1m[34mSELECT  1 AS one FROM "users" WHERE "users"."session_token" = $1 LIMIT $2[0m  [["session_token", "IfNR3KsnQDfScxR2ho070w"], ["LIMIT", 1]]
  [1m[36mUser Create (0.3ms)[0m  [1m[32mINSERT INTO "users" ("password_digest", "session_token", "username", "created_at", "updated_at") VALUES ($1, $2, $3, $4, $5) RETURNING "id"[0m  [["password_digest", "$2a$10$X55kZwQH7mDi.ic.RCtjmOpIw0TUfDvK0pyxPVPCV8QdGURT3ZdWO"], ["session_token", "IfNR3KsnQDfScxR2ho070w"], ["username", "Sanda Conn"], ["created_at", "2019-01-31 09:10:44.161104"], ["updated_at", "2019-01-31 09:10:44.161104"]]
  [1m[35m (1.2ms)[0m  [1m[35mCOMMIT[0m
  [1m[35m (0.1ms)[0m  [1m[35mBEGIN[0m
  [1m[36mUser Load (0.2ms)[0m  [1m[34mSELECT  "users".* FROM "users" WHERE "users"."id" = $1 LIMIT $2[0m  [["id", 8], ["LIMIT", 1]]
  [1m[36mCat Create (0.4ms)[0m  [1m[32mINSERT INTO "cats" ("birth_date", "color", "name", "sex", "description", "created_at", "updated_at", "user_id") VALUES ($1, $2, $3, $4, $5, $6, $7, $8) RETURNING "id"[0m  [["birth_date", "2011-10-11"], ["color", "black"], ["name", "meggings"], ["sex", "F"], ["description", "Letterpress swag truffaut tattooed celiac selfies phlogiston fingerstache."], ["created_at", "2019-01-31 09:10:44.164982"], ["updated_at", "2019-01-31 09:10:44.164982"], ["user_id", 8]]
  [1m[35m (0.4ms)[0m  [1m[35mCOMMIT[0m
  [1m[35m (0.2ms)[0m  [1m[35mBEGIN[0m
  [1m[36mUser Exists (0.3ms)[0m  [1m[34mSELECT  1 AS one FROM "users" WHERE "users"."username" = $1 LIMIT $2[0m  [["username", "Norman Dibbert"], ["LIMIT", 1]]
  [1m[36mUser Exists (0.3ms)[0m  [1m[34mSELECT  1 AS one FROM "users" WHERE "users"."session_token" = $1 LIMIT $2[0m  [["session_token", "FPJU4E3pI-1uO1FyUvr6Pg"], ["LIMIT", 1]]
  [1m[36mUser Create (0.3ms)[0m  [1m[32mINSERT INTO "users" ("password_digest", "session_token", "username", "created_at", "updated_at") VALUES ($1, $2, $3, $4, $5) RETURNING "id"[0m  [["password_digest", "$2a$10$Q7NLGAJ6RUaNQ6p1SbcpQeFeMrybSUXkEcE5YiL0rg1jSH/wxx4uS"], ["session_token", "FPJU4E3pI-1uO1FyUvr6Pg"], ["username", "Norman Dibbert"], ["created_at", "2019-01-31 09:10:44.228678"], ["updated_at", "2019-01-31 09:10:44.228678"]]
  [1m[35m (1.2ms)[0m  [1m[35mCOMMIT[0m
  [1m[35m (0.1ms)[0m  [1m[35mBEGIN[0m
  [1m[36mUser Load (0.2ms)[0m  [1m[34mSELECT  "users".* FROM "users" WHERE "users"."id" = $1 LIMIT $2[0m  [["id", 9], ["LIMIT", 1]]
  [1m[36mCat Create (0.3ms)[0m  [1m[32mINSERT INTO "cats" ("birth_date", "color", "name", "sex", "description", "created_at", "updated_at", "user_id") VALUES ($1, $2, $3, $4, $5, $6, $7, $8) RETURNING "id"[0m  [["birth_date", "2017-04-03"], ["color", "brown"], ["name", "pabst"], ["sex", "F"], ["description", "Mixtape ramps bespoke selfies fanny pack wes anderson ennui pug."], ["created_at", "2019-01-31 09:10:44.232611"], ["updated_at", "2019-01-31 09:10:44.232611"], ["user_id", 9]]
  [1m[35m (0.4ms)[0m  [1m[35mCOMMIT[0m
  [1m[35m (0.2ms)[0m  [1m[35mBEGIN[0m
  [1m[36mUser Exists (0.4ms)[0m  [1m[34mSELECT  1 AS one FROM "users" WHERE "users"."username" = $1 LIMIT $2[0m  [["username", "Kelvin Sporer"], ["LIMIT", 1]]
  [1m[36mUser Exists (0.3ms)[0m  [1m[34mSELECT  1 AS one FROM "users" WHERE "users"."session_token" = $1 LIMIT $2[0m  [["session_token", "dUDl2QF4iRPCC6pcJkIRRQ"], ["LIMIT", 1]]
  [1m[36mUser Create (0.3ms)[0m  [1m[32mINSERT INTO "users" ("password_digest", "session_token", "username", "created_at", "updated_at") VALUES ($1, $2, $3, $4, $5) RETURNING "id"[0m  [["password_digest", "$2a$10$uoqGVMJGXe2cVqSqs1mLReBS1uSFpheYR4kAexoYav69ZtBUGcQve"], ["session_token", "dUDl2QF4iRPCC6pcJkIRRQ"], ["username", "Kelvin Sporer"], ["created_at", "2019-01-31 09:10:44.295083"], ["updated_at", "2019-01-31 09:10:44.295083"]]
  [1m[35m (1.3ms)[0m  [1m[35mCOMMIT[0m
  [1m[35m (0.2ms)[0m  [1m[35mBEGIN[0m
  [1m[36mUser Load (0.2ms)[0m  [1m[34mSELECT  "users".* FROM "users" WHERE "users"."id" = $1 LIMIT $2[0m  [["id", 10], ["LIMIT", 1]]
  [1m[36mCat Create (0.4ms)[0m  [1m[32mINSERT INTO "cats" ("birth_date", "color", "name", "sex", "description", "created_at", "updated_at", "user_id") VALUES ($1, $2, $3, $4, $5, $6, $7, $8) RETURNING "id"[0m  [["birth_date", "2010-06-26"], ["color", "white"], ["name", "tumblr"], ["sex", "F"], ["description", "Pork belly five dollar toast shabby chic blog meh letterpress."], ["created_at", "2019-01-31 09:10:44.299565"], ["updated_at", "2019-01-31 09:10:44.299565"], ["user_id", 10]]
  [1m[35m (0.3ms)[0m  [1m[35mCOMMIT[0m
Started GET "/" for 127.0.0.1 at 2019-01-31 01:16:17 -0800
  [1m[35m (0.9ms)[0m  [1m[34mSELECT "schema_migrations"."version" FROM "schema_migrations" ORDER BY "schema_migrations"."version" ASC[0m
Started GET "/cats" for 127.0.0.1 at 2019-01-31 01:16:17 -0800
Processing by CatsController#index as HTML
  Rendering cats/index.html.erb within layouts/application
  [1m[36mCat Load (0.8ms)[0m  [1m[34mSELECT "cats".* FROM "cats"[0m
  Rendered cats/index.html.erb within layouts/application (24.1ms)
Completed 200 OK in 804ms (Views: 783.1ms | ActiveRecord: 10.0ms)


Started GET "/users/new" for 127.0.0.1 at 2019-01-31 01:16:23 -0800
Processing by UsersController#new as HTML
  Rendering users/new.html.erb within layouts/application
  Rendered shared/_errors.html.erb (0.6ms)
  Rendered users/new.html.erb within layouts/application (5.6ms)
Completed 200 OK in 76ms (Views: 52.6ms | ActiveRecord: 6.2ms)


Started POST "/users" for 127.0.0.1 at 2019-01-31 01:16:30 -0800
Processing by UsersController#create as HTML
  Parameters: {"authenticity_token"=>"tr0yOcZg6pSQOsup32eJXOVACZXtQ3Ku9JdgXDi4zWHMyAN6A6kqp9uN4suFu+M+7UjS2Rfo79vCiWaJgjjyDw==", "user"=>{"username"=>"Kevin", "password"=>"[FILTERED]"}}
  [1m[35m (0.3ms)[0m  [1m[35mBEGIN[0m
  [1m[36mUser Exists (1.0ms)[0m  [1m[34mSELECT  1 AS one FROM "users" WHERE "users"."username" = $1 LIMIT $2[0m  [["username", "Kevin"], ["LIMIT", 1]]
  [1m[36mUser Exists (0.4ms)[0m  [1m[34mSELECT  1 AS one FROM "users" WHERE "users"."session_token" = $1 LIMIT $2[0m  [["session_token", "LeT5TdH-jYdliQlZq9K5rA"], ["LIMIT", 1]]
  [1m[36mUser Create (0.8ms)[0m  [1m[32mINSERT INTO "users" ("password_digest", "session_token", "username", "created_at", "updated_at") VALUES ($1, $2, $3, $4, $5) RETURNING "id"[0m  [["password_digest", "$2a$10$sbFomERB.D90ZH0vDUcuBO5iVUD9AOsrQzRFRJ2Y1PLOmAcNRH3Qe"], ["session_token", "LeT5TdH-jYdliQlZq9K5rA"], ["username", "Kevin"], ["created_at", "2019-01-31 09:16:30.753157"], ["updated_at", "2019-01-31 09:16:30.753157"]]
  [1m[35m (0.7ms)[0m  [1m[35mCOMMIT[0m
  [1m[35m (0.1ms)[0m  [1m[35mBEGIN[0m
  [1m[36mUser Exists (0.5ms)[0m  [1m[34mSELECT  1 AS one FROM "users" WHERE "users"."username" = $1 AND "users"."id" != $2 LIMIT $3[0m  [["username", "Kevin"], ["id", 11], ["LIMIT", 1]]
  [1m[36mUser Exists (0.4ms)[0m  [1m[34mSELECT  1 AS one FROM "users" WHERE "users"."session_token" = $1 AND "users"."id" != $2 LIMIT $3[0m  [["session_token", "uaSRnwuB4PsSUH7ZJs90xw"], ["id", 11], ["LIMIT", 1]]
  [1m[36mUser Update (0.6ms)[0m  [1m[33mUPDATE "users" SET "session_token" = $1, "updated_at" = $2 WHERE "users"."id" = $3[0m  [["session_token", "uaSRnwuB4PsSUH7ZJs90xw"], ["updated_at", "2019-01-31 09:16:30.759631"], ["id", 11]]
  [1m[35m (0.4ms)[0m  [1m[35mCOMMIT[0m
Redirected to http://localhost:3000/cats
Completed 302 Found in 84ms (ActiveRecord: 5.2ms)


Started GET "/cats" for 127.0.0.1 at 2019-01-31 01:16:30 -0800
Processing by CatsController#index as HTML
  Rendering cats/index.html.erb within layouts/application
  [1m[36mCat Load (0.4ms)[0m  [1m[34mSELECT "cats".* FROM "cats"[0m
  Rendered cats/index.html.erb within layouts/application (2.9ms)
  [1m[36mUser Load (0.3ms)[0m  [1m[34mSELECT  "users".* FROM "users" WHERE "users"."session_token" = $1 LIMIT $2[0m  [["session_token", "uaSRnwuB4PsSUH7ZJs90xw"], ["LIMIT", 1]]
Completed 200 OK in 35ms (Views: 33.8ms | ActiveRecord: 1.0ms)


Started POST "/users" for 127.0.0.1 at 2019-01-31 01:16:52 -0800
Processing by UsersController#create as HTML
  Parameters: {"authenticity_token"=>"tr0yOcZg6pSQOsup32eJXOVACZXtQ3Ku9JdgXDi4zWHMyAN6A6kqp9uN4suFu+M+7UjS2Rfo79vCiWaJgjjyDw==", "user"=>{"username"=>"Kevin", "password"=>"[FILTERED]"}}
  [1m[36mUser Load (0.4ms)[0m  [1m[34mSELECT  "users".* FROM "users" WHERE "users"."session_token" = $1 LIMIT $2[0m  [["session_token", "uaSRnwuB4PsSUH7ZJs90xw"], ["LIMIT", 1]]
Redirected to http://localhost:3000/cats
Filter chain halted as :require_no_user! rendered or redirected
Completed 302 Found in 3ms (ActiveRecord: 0.4ms)


Started GET "/cats" for 127.0.0.1 at 2019-01-31 01:16:52 -0800
Processing by CatsController#index as HTML
  Rendering cats/index.html.erb within layouts/application
  [1m[36mCat Load (0.4ms)[0m  [1m[34mSELECT "cats".* FROM "cats"[0m
  Rendered cats/index.html.erb within layouts/application (2.7ms)
  [1m[36mUser Load (0.5ms)[0m  [1m[34mSELECT  "users".* FROM "users" WHERE "users"."session_token" = $1 LIMIT $2[0m  [["session_token", "uaSRnwuB4PsSUH7ZJs90xw"], ["LIMIT", 1]]
Completed 200 OK in 58ms (Views: 55.9ms | ActiveRecord: 0.9ms)


Started POST "/users" for 127.0.0.1 at 2019-01-31 01:17:12 -0800
Processing by UsersController#create as HTML
  Parameters: {"authenticity_token"=>"tr0yOcZg6pSQOsup32eJXOVACZXtQ3Ku9JdgXDi4zWHMyAN6A6kqp9uN4suFu+M+7UjS2Rfo79vCiWaJgjjyDw==", "user"=>{"username"=>"Joh", "password"=>"[FILTERED]"}}
  [1m[36mUser Load (0.4ms)[0m  [1m[34mSELECT  "users".* FROM "users" WHERE "users"."session_token" = $1 LIMIT $2[0m  [["session_token", "uaSRnwuB4PsSUH7ZJs90xw"], ["LIMIT", 1]]
Redirected to http://localhost:3000/cats
Filter chain halted as :require_no_user! rendered or redirected
Completed 302 Found in 3ms (ActiveRecord: 0.4ms)


Started GET "/cats" for 127.0.0.1 at 2019-01-31 01:17:12 -0800
Processing by CatsController#index as HTML
  Rendering cats/index.html.erb within layouts/application
  [1m[36mCat Load (0.4ms)[0m  [1m[34mSELECT "cats".* FROM "cats"[0m
  Rendered cats/index.html.erb within layouts/application (2.2ms)
  [1m[36mUser Load (0.4ms)[0m  [1m[34mSELECT  "users".* FROM "users" WHERE "users"."session_token" = $1 LIMIT $2[0m  [["session_token", "uaSRnwuB4PsSUH7ZJs90xw"], ["LIMIT", 1]]
Completed 200 OK in 56ms (Views: 54.5ms | ActiveRecord: 0.8ms)


Started GET "/users/new" for 127.0.0.1 at 2019-01-31 01:19:41 -0800
Processing by UsersController#new as HTML
  [1m[36mUser Load (0.7ms)[0m  [1m[34mSELECT  "users".* FROM "users" WHERE "users"."session_token" = $1 LIMIT $2[0m  [["session_token", "uaSRnwuB4PsSUH7ZJs90xw"], ["LIMIT", 1]]
Redirected to http://localhost:3000/cats
Filter chain halted as :require_no_user! rendered or redirected
Completed 302 Found in 4ms (ActiveRecord: 0.7ms)


Started GET "/cats" for 127.0.0.1 at 2019-01-31 01:19:41 -0800
Processing by CatsController#index as HTML
  Rendering cats/index.html.erb within layouts/application
  [1m[36mCat Load (0.7ms)[0m  [1m[34mSELECT "cats".* FROM "cats"[0m
  Rendered cats/index.html.erb within layouts/application (7.9ms)
  [1m[36mUser Load (0.4ms)[0m  [1m[34mSELECT  "users".* FROM "users" WHERE "users"."session_token" = $1 LIMIT $2[0m  [["session_token", "uaSRnwuB4PsSUH7ZJs90xw"], ["LIMIT", 1]]
Completed 200 OK in 78ms (Views: 76.0ms | ActiveRecord: 1.1ms)


Started GET "/users/new" for 127.0.0.1 at 2019-01-31 01:19:46 -0800
Processing by UsersController#new as HTML
  [1m[36mUser Load (0.3ms)[0m  [1m[34mSELECT  "users".* FROM "users" WHERE "users"."session_token" = $1 LIMIT $2[0m  [["session_token", "uaSRnwuB4PsSUH7ZJs90xw"], ["LIMIT", 1]]
Redirected to http://localhost:3000/cats
Filter chain halted as :require_no_user! rendered or redirected
Completed 302 Found in 2ms (ActiveRecord: 0.3ms)


Started GET "/cats" for 127.0.0.1 at 2019-01-31 01:19:46 -0800
Processing by CatsController#index as HTML
  Rendering cats/index.html.erb within layouts/application
  [1m[36mCat Load (0.4ms)[0m  [1m[34mSELECT "cats".* FROM "cats"[0m
  Rendered cats/index.html.erb within layouts/application (2.1ms)
  [1m[36mUser Load (0.4ms)[0m  [1m[34mSELECT  "users".* FROM "users" WHERE "users"."session_token" = $1 LIMIT $2[0m  [["session_token", "uaSRnwuB4PsSUH7ZJs90xw"], ["LIMIT", 1]]
Completed 200 OK in 37ms (Views: 35.5ms | ActiveRecord: 0.8ms)


Started DELETE "/session" for 127.0.0.1 at 2019-01-31 01:19:48 -0800
Processing by SessionsController#destroy as HTML
  Parameters: {"authenticity_token"=>"Qmm1A0B7IRzsMsysQU5e4I4gT76oiycE4qXk73hp8yI4HIRAhbLhL6eF5c4bkjSChiiU8lIgunHUu+I6wunMTA=="}
  [1m[36mUser Load (0.3ms)[0m  [1m[34mSELECT  "users".* FROM "users" WHERE "users"."session_token" = $1 LIMIT $2[0m  [["session_token", "uaSRnwuB4PsSUH7ZJs90xw"], ["LIMIT", 1]]
  [1m[35m (0.1ms)[0m  [1m[35mBEGIN[0m
  [1m[36mUser Exists (0.4ms)[0m  [1m[34mSELECT  1 AS one FROM "users" WHERE "users"."username" = $1 AND "users"."id" != $2 LIMIT $3[0m  [["username", "Kevin"], ["id", 11], ["LIMIT", 1]]
  [1m[36mUser Exists (0.4ms)[0m  [1m[34mSELECT  1 AS one FROM "users" WHERE "users"."session_token" = $1 AND "users"."id" != $2 LIMIT $3[0m  [["session_token", "_5i1FJiDTeLnsrHIWI1aIg"], ["id", 11], ["LIMIT", 1]]
  [1m[36mUser Update (0.5ms)[0m  [1m[33mUPDATE "users" SET "session_token" = $1, "updated_at" = $2 WHERE "users"."id" = $3[0m  [["session_token", "_5i1FJiDTeLnsrHIWI1aIg"], ["updated_at", "2019-01-31 09:19:48.497779"], ["id", 11]]
  [1m[35m (0.4ms)[0m  [1m[35mCOMMIT[0m
Redirected to http://localhost:3000/session/new
Completed 302 Found in 6ms (ActiveRecord: 2.1ms)


Started GET "/session/new" for 127.0.0.1 at 2019-01-31 01:19:48 -0800
Processing by SessionsController#new as HTML
  Rendering sessions/new.html.erb within layouts/application
  Rendered shared/_errors.html.erb (0.4ms)
  Rendered sessions/new.html.erb within layouts/application (2.9ms)
Completed 200 OK in 30ms (Views: 29.3ms | ActiveRecord: 0.0ms)


Started GET "/session/new" for 127.0.0.1 at 2019-01-31 01:20:03 -0800
Processing by SessionsController#new as HTML
  Rendering sessions/new.html.erb within layouts/application
  Rendered shared/_errors.html.erb (0.4ms)
  Rendered sessions/new.html.erb within layouts/application (2.9ms)
Completed 200 OK in 41ms (Views: 40.5ms | ActiveRecord: 0.0ms)


Started POST "/session" for 127.0.0.1 at 2019-01-31 01:20:09 -0800
Processing by SessionsController#create as HTML
  Parameters: {"user"=>{"username"=>"Kevin", "password"=>"[FILTERED]"}}
Can't verify CSRF token authenticity.
Completed 422 Unprocessable Entity in 1ms (ActiveRecord: 0.0ms)



ActionController::InvalidAuthenticityToken - ActionController::InvalidAuthenticityToken:

Started POST "/__better_errors/7ce0470310a0db76/variables" for 127.0.0.1 at 2019-01-31 01:20:09 -0800
Started GET "/session/new" for 127.0.0.1 at 2019-01-31 01:20:29 -0800
Processing by SessionsController#new as HTML
  Rendering sessions/new.html.erb within layouts/application
  Rendered shared/_errors.html.erb (0.5ms)
  Rendered sessions/new.html.erb within layouts/application (3.9ms)
Completed 200 OK in 32ms (Views: 31.1ms | ActiveRecord: 0.0ms)


Started POST "/session" for 127.0.0.1 at 2019-01-31 01:20:35 -0800
Processing by SessionsController#create as HTML
  Parameters: {"authenticity_token"=>"K4wrw8VPbftfZRUsGfUjvvnfIy7KNExSl9rweu05/nlR+RqAAIatyBTSPE5DKUnc8df4YjCf0SehxPavV7nBFw==", "user"=>{"username"=>"Kevin", "password"=>"[FILTERED]"}}
  [1m[36mUser Load (0.4ms)[0m  [1m[34mSELECT  "users".* FROM "users" WHERE "users"."username" = $1 LIMIT $2[0m  [["username", "Kevin"], ["LIMIT", 1]]
  [1m[35m (0.2ms)[0m  [1m[35mBEGIN[0m
  [1m[36mUser Exists (0.4ms)[0m  [1m[34mSELECT  1 AS one FROM "users" WHERE "users"."username" = $1 AND "users"."id" != $2 LIMIT $3[0m  [["username", "Kevin"], ["id", 11], ["LIMIT", 1]]
  [1m[36mUser Exists (0.4ms)[0m  [1m[34mSELECT  1 AS one FROM "users" WHERE "users"."session_token" = $1 AND "users"."id" != $2 LIMIT $3[0m  [["session_token", "9UFCyIzAIBd5_-feiVKiDw"], ["id", 11], ["LIMIT", 1]]
  [1m[36mUser Update (0.4ms)[0m  [1m[33mUPDATE "users" SET "session_token" = $1, "updated_at" = $2 WHERE "users"."id" = $3[0m  [["session_token", "9UFCyIzAIBd5_-feiVKiDw"], ["updated_at", "2019-01-31 09:20:35.207234"], ["id", 11]]
  [1m[35m (1.1ms)[0m  [1m[35mCOMMIT[0m
Redirected to http://localhost:3000/cats
Completed 302 Found in 68ms (ActiveRecord: 3.0ms)


Started GET "/cats" for 127.0.0.1 at 2019-01-31 01:20:35 -0800
Processing by CatsController#index as HTML
  Rendering cats/index.html.erb within layouts/application
  [1m[36mCat Load (0.4ms)[0m  [1m[34mSELECT "cats".* FROM "cats"[0m
  Rendered cats/index.html.erb within layouts/application (2.1ms)
  [1m[36mUser Load (0.3ms)[0m  [1m[34mSELECT  "users".* FROM "users" WHERE "users"."session_token" = $1 LIMIT $2[0m  [["session_token", "9UFCyIzAIBd5_-feiVKiDw"], ["LIMIT", 1]]
Completed 200 OK in 31ms (Views: 29.7ms | ActiveRecord: 0.7ms)


Started GET "/cats" for 127.0.0.1 at 2019-01-31 01:47:37 -0800
Processing by CatsController#index as HTML
  Rendering cats/index.html.erb within layouts/application
  [1m[36mCat Load (1.7ms)[0m  [1m[34mSELECT "cats".* FROM "cats"[0m
  Rendered cats/index.html.erb within layouts/application (15.4ms)
  [1m[36mUser Load (1.8ms)[0m  [1m[34mSELECT  "users".* FROM "users" WHERE "users"."session_token" = $1 LIMIT $2[0m  [["session_token", "9UFCyIzAIBd5_-feiVKiDw"], ["LIMIT", 1]]
Completed 200 OK in 67ms (Views: 51.5ms | ActiveRecord: 15.3ms)


Started GET "/cats/new" for 127.0.0.1 at 2019-01-31 01:51:22 -0800
Processing by CatsController#new as HTML
  [1m[36mUser Load (0.8ms)[0m  [1m[34mSELECT  "users".* FROM "users" WHERE "users"."session_token" = $1 LIMIT $2[0m  [["session_token", "9UFCyIzAIBd5_-feiVKiDw"], ["LIMIT", 1]]
  Rendering cats/new.html.erb within layouts/application
  Rendered cats/new.html.erb within layouts/application (3.6ms)
Completed 500 Internal Server Error in 14ms (ActiveRecord: 0.8ms)



SyntaxError - syntax error, unexpected '<', expecting keyword_end
'.freeze;     <%= content_for :footer do 
              ^
/Users/kevinbai/Desktop/aa-homework/W4D4/app/views/cats/new.html.erb:12: syntax error, unexpected keyword_ensure, expecting end-of-input
          ensure
          ^~~~~~:
  app/views/cats/new.html.erb:6:in `'
  app/controllers/cats_controller.rb:17:in `new'

Started POST "/__better_errors/62e02fe6202d919f/variables" for 127.0.0.1 at 2019-01-31 01:51:23 -0800
Started GET "/cats/new" for 127.0.0.1 at 2019-01-31 01:51:37 -0800
Processing by CatsController#new as HTML
  [1m[36mUser Load (0.4ms)[0m  [1m[34mSELECT  "users".* FROM "users" WHERE "users"."session_token" = $1 LIMIT $2[0m  [["session_token", "9UFCyIzAIBd5_-feiVKiDw"], ["LIMIT", 1]]
  Rendering cats/new.html.erb within layouts/application
  Rendered cats/new.html.erb within layouts/application (1.3ms)
Completed 500 Internal Server Error in 9ms (ActiveRecord: 0.4ms)



SyntaxError - syntax error, unexpected '<', expecting keyword_end
'.freeze;     <%= content_for :footer do 
              ^
/Users/kevinbai/Desktop/aa-homework/W4D4/app/views/cats/new.html.erb:12: syntax error, unexpected keyword_ensure, expecting end-of-input
          ensure
          ^~~~~~:
  app/views/cats/new.html.erb:6:in `'
  app/controllers/cats_controller.rb:17:in `new'

Started POST "/__better_errors/ed0a604999f43cd9/variables" for 127.0.0.1 at 2019-01-31 01:51:38 -0800
Started GET "/cats/new" for 127.0.0.1 at 2019-01-31 01:51:55 -0800
Processing by CatsController#new as HTML
  [1m[36mUser Load (0.6ms)[0m  [1m[34mSELECT  "users".* FROM "users" WHERE "users"."session_token" = $1 LIMIT $2[0m  [["session_token", "9UFCyIzAIBd5_-feiVKiDw"], ["LIMIT", 1]]
  Rendering cats/new.html.erb within layouts/application
  Rendered shared/_errors.html.erb (0.5ms)
  Rendered cats/_form.html.erb (1.2ms)
  Rendered cats/new.html.erb within layouts/application (8.1ms)
Completed 200 OK in 47ms (Views: 44.4ms | ActiveRecord: 0.6ms)


Started GET "/cats/new" for 127.0.0.1 at 2019-01-31 01:53:06 -0800
Processing by CatsController#new as HTML
  [1m[36mUser Load (0.4ms)[0m  [1m[34mSELECT  "users".* FROM "users" WHERE "users"."session_token" = $1 LIMIT $2[0m  [["session_token", "9UFCyIzAIBd5_-feiVKiDw"], ["LIMIT", 1]]
  Rendering cats/new.html.erb within layouts/application
  Rendered shared/_errors.html.erb (0.4ms)
  Rendered cats/_form.html.erb (0.8ms)
  Rendered cats/new.html.erb within layouts/application (11.9ms)
Completed 500 Internal Server Error in 21ms (ActiveRecord: 0.4ms)



ArgumentError - wrong number of arguments (given 0, expected 1..2):
  app/views/cats/new.html.erb:7:in `block in _app_views_cats_new_html_erb___1247712172540162077_70098651359020'
  app/views/cats/new.html.erb:6:in `_app_views_cats_new_html_erb___1247712172540162077_70098651359020'
  app/controllers/cats_controller.rb:17:in `new'

Started POST "/__better_errors/698d9948e6b2fa7e/variables" for 127.0.0.1 at 2019-01-31 01:53:07 -0800
Started GET "/cats/new" for 127.0.0.1 at 2019-01-31 01:54:07 -0800
Processing by CatsController#new as HTML
  [1m[36mUser Load (0.5ms)[0m  [1m[34mSELECT  "users".* FROM "users" WHERE "users"."session_token" = $1 LIMIT $2[0m  [["session_token", "9UFCyIzAIBd5_-feiVKiDw"], ["LIMIT", 1]]
  Rendering cats/new.html.erb within layouts/application
  Rendered cats/new.html.erb within layouts/application (7.7ms)
Completed 500 Internal Server Error in 20ms (ActiveRecord: 0.5ms)



SyntaxError - unknown regexp options - kvba
/Users/kevinbai/Desktop/aa-homework/W4D4/app/views/cats/new.html.erb:7: syntax error, unexpected '.', expecting ')'
.../app/views/cats/new.html.erb, .html.erb) );@output_buffer.sa...
...                              ^
/Users/kevinbai/Desktop/aa-homework/W4D4/app/views/cats/new.html.erb:7: syntax error, unexpected ')', expecting keyword_end
...cats/new.html.erb, .html.erb) );@output_buffer.safe_append='...
...                              ^
/Users/kevinbai/Desktop/aa-homework/W4D4/app/views/cats/new.html.erb:12: syntax error, unexpected keyword_ensure, expecting end-of-input
          ensure
          ^~~~~~:
  app/views/cats/new.html.erb:7:in `'
  app/controllers/cats_controller.rb:17:in `new'

Started POST "/__better_errors/eacb05db917f944e/variables" for 127.0.0.1 at 2019-01-31 01:54:07 -0800
Started GET "/cats/new" for 127.0.0.1 at 2019-01-31 01:54:28 -0800
Processing by CatsController#new as HTML
  [1m[36mUser Load (0.3ms)[0m  [1m[34mSELECT  "users".* FROM "users" WHERE "users"."session_token" = $1 LIMIT $2[0m  [["session_token", "9UFCyIzAIBd5_-feiVKiDw"], ["LIMIT", 1]]
  Rendering cats/new.html.erb within layouts/application
  Rendered shared/_errors.html.erb (0.4ms)
  Rendered cats/_form.html.erb (3.1ms)
  Rendered cats/new.html.erb within layouts/application (9.8ms)
Completed 200 OK in 43ms (Views: 41.6ms | ActiveRecord: 0.3ms)


Started GET "/cats/new" for 127.0.0.1 at 2019-01-31 01:56:06 -0800
Processing by CatsController#new as HTML
  [1m[36mUser Load (0.3ms)[0m  [1m[34mSELECT  "users".* FROM "users" WHERE "users"."session_token" = $1 LIMIT $2[0m  [["session_token", "9UFCyIzAIBd5_-feiVKiDw"], ["LIMIT", 1]]
  Rendering cats/new.html.erb within layouts/application
  Rendered shared/_errors.html.erb (0.5ms)
  Rendered cats/_form.html.erb (0.9ms)
  Rendered cats/new.html.erb within layouts/application (6.1ms)
Completed 200 OK in 47ms (Views: 45.9ms | ActiveRecord: 0.3ms)


Started GET "/cats/new" for 127.0.0.1 at 2019-01-31 01:56:08 -0800
Processing by CatsController#new as HTML
  [1m[36mUser Load (0.4ms)[0m  [1m[34mSELECT  "users".* FROM "users" WHERE "users"."session_token" = $1 LIMIT $2[0m  [["session_token", "9UFCyIzAIBd5_-feiVKiDw"], ["LIMIT", 1]]
  Rendering cats/new.html.erb within layouts/application
  Rendered shared/_errors.html.erb (1.4ms)
  Rendered cats/_form.html.erb (5.4ms)
  Rendered cats/new.html.erb within layouts/application (13.1ms)
Completed 200 OK in 87ms (Views: 84.0ms | ActiveRecord: 0.4ms)


Started GET "/cats/new" for 127.0.0.1 at 2019-01-31 01:56:13 -0800
Processing by CatsController#new as HTML
  [1m[36mUser Load (0.3ms)[0m  [1m[34mSELECT  "users".* FROM "users" WHERE "users"."session_token" = $1 LIMIT $2[0m  [["session_token", "9UFCyIzAIBd5_-feiVKiDw"], ["LIMIT", 1]]
  Rendering cats/new.html.erb within layouts/application
  Rendered shared/_errors.html.erb (0.7ms)
  Rendered cats/_form.html.erb (1.2ms)
  Rendered cats/new.html.erb within layouts/application (10.3ms)
Completed 200 OK in 64ms (Views: 62.2ms | ActiveRecord: 0.3ms)


Started GET "/cats/new" for 127.0.0.1 at 2019-01-31 01:56:14 -0800
Processing by CatsController#new as HTML
  [1m[36mUser Load (0.3ms)[0m  [1m[34mSELECT  "users".* FROM "users" WHERE "users"."session_token" = $1 LIMIT $2[0m  [["session_token", "9UFCyIzAIBd5_-feiVKiDw"], ["LIMIT", 1]]
  Rendering cats/new.html.erb within layouts/application
  Rendered shared/_errors.html.erb (0.3ms)
  Rendered cats/_form.html.erb (1.4ms)
  Rendered cats/new.html.erb within layouts/application (5.6ms)
Completed 200 OK in 54ms (Views: 51.4ms | ActiveRecord: 0.3ms)


Started GET "/cats/new" for 127.0.0.1 at 2019-01-31 01:56:58 -0800
Processing by CatsController#new as HTML
  [1m[36mUser Load (0.2ms)[0m  [1m[34mSELECT  "users".* FROM "users" WHERE "users"."session_token" = $1 LIMIT $2[0m  [["session_token", "9UFCyIzAIBd5_-feiVKiDw"], ["LIMIT", 1]]
  Rendering cats/new.html.erb within layouts/application
  Rendered shared/_errors.html.erb (0.4ms)
  Rendered cats/_form.html.erb (0.8ms)
  Rendered cats/new.html.erb within layouts/application (9.1ms)
Completed 500 Internal Server Error in 16ms (ActiveRecord: 0.2ms)



ArgumentError - wrong number of arguments (given 0, expected 1):
  app/views/cats/new.html.erb:7:in `block in _app_views_cats_new_html_erb___1247712172540162077_70098654486660'
  app/views/cats/new.html.erb:6:in `_app_views_cats_new_html_erb___1247712172540162077_70098654486660'
  app/controllers/cats_controller.rb:17:in `new'

Started POST "/__better_errors/1b7e18b5ae3a3438/variables" for 127.0.0.1 at 2019-01-31 01:56:58 -0800
Started GET "/cats/new" for 127.0.0.1 at 2019-01-31 01:57:14 -0800
Processing by CatsController#new as HTML
  [1m[36mUser Load (0.3ms)[0m  [1m[34mSELECT  "users".* FROM "users" WHERE "users"."session_token" = $1 LIMIT $2[0m  [["session_token", "9UFCyIzAIBd5_-feiVKiDw"], ["LIMIT", 1]]
  Rendering cats/new.html.erb within layouts/application
  Rendered shared/_errors.html.erb (1.1ms)
  Rendered cats/_form.html.erb (1.1ms)
  Rendered cats/new.html.erb within layouts/application (421.5ms)
Completed 500 Internal Server Error in 436ms (ActiveRecord: 0.3ms)



NameError - undefined local variable or method `path' for #<#<Class:0x00007f823e183590>:0x00007f82408a9c28>:
  app/views/cats/new.html.erb:7:in `block in _app_views_cats_new_html_erb___1247712172540162077_70098702647960'
  app/views/cats/new.html.erb:6:in `_app_views_cats_new_html_erb___1247712172540162077_70098702647960'
  app/controllers/cats_controller.rb:17:in `new'

Started POST "/__better_errors/62681889ebc5a4d0/variables" for 127.0.0.1 at 2019-01-31 01:57:16 -0800
Started GET "/cats/new" for 127.0.0.1 at 2019-01-31 02:00:54 -0800
Processing by CatsController#new as HTML
  [1m[36mUser Load (0.6ms)[0m  [1m[34mSELECT  "users".* FROM "users" WHERE "users"."session_token" = $1 LIMIT $2[0m  [["session_token", "9UFCyIzAIBd5_-feiVKiDw"], ["LIMIT", 1]]
  Rendering cats/new.html.erb within layouts/application
  Rendered shared/_errors.html.erb (0.4ms)
  Rendered cats/_form.html.erb (4.5ms)
  Rendered cats/new.html.erb within layouts/application (12.3ms)
Completed 200 OK in 55ms (Views: 52.2ms | ActiveRecord: 0.6ms)


Started GET "/users/new" for 127.0.0.1 at 2019-01-31 02:08:47 -0800
  [1m[35m (6.6ms)[0m  [1m[34mSELECT "schema_migrations"."version" FROM "schema_migrations" ORDER BY "schema_migrations"."version" ASC[0m
Processing by UsersController#new as HTML
  [1m[36mUser Load (1.1ms)[0m  [1m[34mSELECT  "users".* FROM "users" WHERE "users"."session_token" = $1 LIMIT $2[0m  [["session_token", "9UFCyIzAIBd5_-feiVKiDw"], ["LIMIT", 1]]
Redirected to http://localhost:3000/cats
Filter chain halted as :require_no_user! rendered or redirected
Completed 302 Found in 50ms (ActiveRecord: 9.1ms)


Started GET "/cats" for 127.0.0.1 at 2019-01-31 02:08:47 -0800
Processing by CatsController#index as HTML
  Rendering cats/index.html.erb within layouts/application
  [1m[36mCat Load (2.4ms)[0m  [1m[34mSELECT "cats".* FROM "cats"[0m
  Rendered cats/index.html.erb within layouts/application (24.2ms)
  [1m[36mUser Load (0.5ms)[0m  [1m[34mSELECT  "users".* FROM "users" WHERE "users"."session_token" = $1 LIMIT $2[0m  [["session_token", "9UFCyIzAIBd5_-feiVKiDw"], ["LIMIT", 1]]
Completed 200 OK in 243ms (Views: 224.1ms | ActiveRecord: 7.0ms)


Started DELETE "/session" for 127.0.0.1 at 2019-01-31 02:08:52 -0800
Processing by SessionsController#destroy as HTML
  Parameters: {"authenticity_token"=>"FvQ/hNU4zSPPXf9s/IRP0gfvtDsv4FhTupe+mPupw/dsgQ7HEPENEITq1g6mWCWwD+dvd9VLxSaMibhNQSn8mQ=="}
  [1m[36mUser Load (0.5ms)[0m  [1m[34mSELECT  "users".* FROM "users" WHERE "users"."session_token" = $1 LIMIT $2[0m  [["session_token", "9UFCyIzAIBd5_-feiVKiDw"], ["LIMIT", 1]]
  [1m[35m (0.2ms)[0m  [1m[35mBEGIN[0m
  [1m[36mUser Exists (0.6ms)[0m  [1m[34mSELECT  1 AS one FROM "users" WHERE "users"."username" = $1 AND "users"."id" != $2 LIMIT $3[0m  [["username", "Kevin"], ["id", 11], ["LIMIT", 1]]
  [1m[36mUser Exists (0.4ms)[0m  [1m[34mSELECT  1 AS one FROM "users" WHERE "users"."session_token" = $1 AND "users"."id" != $2 LIMIT $3[0m  [["session_token", "5j2ZHR1BvnQKdqRJPr-LHg"], ["id", 11], ["LIMIT", 1]]
  [1m[36mUser Update (0.8ms)[0m  [1m[33mUPDATE "users" SET "session_token" = $1, "updated_at" = $2 WHERE "users"."id" = $3[0m  [["session_token", "5j2ZHR1BvnQKdqRJPr-LHg"], ["updated_at", "2019-01-31 10:08:52.936506"], ["id", 11]]
  [1m[35m (1.3ms)[0m  [1m[35mCOMMIT[0m
Redirected to http://localhost:3000/session/new
Completed 302 Found in 10ms (ActiveRecord: 3.7ms)


Started GET "/session/new" for 127.0.0.1 at 2019-01-31 02:08:52 -0800
Processing by SessionsController#new as HTML
  Rendering sessions/new.html.erb within layouts/application
  Rendered shared/_errors.html.erb (0.4ms)
  Rendered sessions/new.html.erb within layouts/application (3.4ms)
Completed 200 OK in 34ms (Views: 33.3ms | ActiveRecord: 0.0ms)


Started GET "/session/new" for 127.0.0.1 at 2019-01-31 02:17:07 -0800
Processing by SessionsController#new as HTML
  Rendering sessions/new.html.erb within layouts/application
  Rendered shared/_errors.html.erb (0.4ms)
  Rendered sessions/new.html.erb within layouts/application (3.3ms)
Completed 200 OK in 42ms (Views: 41.4ms | ActiveRecord: 0.0ms)


Started GET "/users/new" for 127.0.0.1 at 2019-01-31 02:17:11 -0800
Processing by UsersController#new as HTML
  Rendering users/new.html.erb within layouts/application
  Rendered shared/_errors.html.erb (0.5ms)
  Rendered users/new.html.erb within layouts/application (2.9ms)
Completed 200 OK in 66ms (Views: 36.3ms | ActiveRecord: 14.9ms)


Started POST "/users" for 127.0.0.1 at 2019-01-31 02:17:25 -0800
Processing by UsersController#create as HTML
  Parameters: {"authenticity_token"=>"yYdudflBz6vm0VdiSmndiH4qFDFrJ9RUYDBL8h9jWbWz8l82PIgPmK1mfgAQtbfqdiLPfZGMSSFWLk0npeNm2w==", "user"=>{"username"=>"Joh", "password"=>"[FILTERED]"}}
  [1m[35m (0.2ms)[0m  [1m[35mBEGIN[0m
  [1m[36mUser Exists (1.8ms)[0m  [1m[34mSELECT  1 AS one FROM "users" WHERE "users"."username" = $1 LIMIT $2[0m  [["username", "Joh"], ["LIMIT", 1]]
  [1m[36mUser Exists (0.5ms)[0m  [1m[34mSELECT  1 AS one FROM "users" WHERE "users"."session_token" = $1 LIMIT $2[0m  [["session_token", "kGbUbfIhpTpb40SR1cbggQ"], ["LIMIT", 1]]
  [1m[36mUser Create (0.8ms)[0m  [1m[32mINSERT INTO "users" ("password_digest", "session_token", "username", "created_at", "updated_at") VALUES ($1, $2, $3, $4, $5) RETURNING "id"[0m  [["password_digest", "$2a$10$bNjESJNKvKC4KrLdM8cJM.skQZgJ/tzkLtC5PTpHqDdpd.LBBCTKm"], ["session_token", "kGbUbfIhpTpb40SR1cbggQ"], ["username", "Joh"], ["created_at", "2019-01-31 10:17:25.542565"], ["updated_at", "2019-01-31 10:17:25.542565"]]
  [1m[35m (0.5ms)[0m  [1m[35mCOMMIT[0m
  [1m[35m (0.1ms)[0m  [1m[35mBEGIN[0m
  [1m[36mUser Exists (0.6ms)[0m  [1m[34mSELECT  1 AS one FROM "users" WHERE "users"."username" = $1 AND "users"."id" != $2 LIMIT $3[0m  [["username", "Joh"], ["id", 12], ["LIMIT", 1]]
  [1m[36mUser Exists (0.4ms)[0m  [1m[34mSELECT  1 AS one FROM "users" WHERE "users"."session_token" = $1 AND "users"."id" != $2 LIMIT $3[0m  [["session_token", "W56PS--qnecekUkMynFbRw"], ["id", 12], ["LIMIT", 1]]
  [1m[36mUser Update (0.5ms)[0m  [1m[33mUPDATE "users" SET "session_token" = $1, "updated_at" = $2 WHERE "users"."id" = $3[0m  [["session_token", "W56PS--qnecekUkMynFbRw"], ["updated_at", "2019-01-31 10:17:25.550039"], ["id", 12]]
  [1m[35m (0.5ms)[0m  [1m[35mCOMMIT[0m
UserMailer#welcome_email: processed outbound mail in 4.5ms
Completed 500 Internal Server Error in 414ms (ActiveRecord: 6.1ms)



NoMethodError - undefined method `email' for #<User:0x00007f84edbfd820>:
  app/mailers/user_mailer.rb:7:in `welcome_email'
  app/controllers/users_controller.rb:10:in `create'

Started POST "/__better_errors/f5697b0bfb799622/variables" for 127.0.0.1 at 2019-01-31 02:17:26 -0800
Started POST "/users" for 127.0.0.1 at 2019-01-31 02:18:01 -0800
Processing by UsersController#create as HTML
  Parameters: {"authenticity_token"=>"yYdudflBz6vm0VdiSmndiH4qFDFrJ9RUYDBL8h9jWbWz8l82PIgPmK1mfgAQtbfqdiLPfZGMSSFWLk0npeNm2w==", "user"=>{"username"=>"Joh", "password"=>"[FILTERED]"}}
  [1m[35m (0.4ms)[0m  [1m[35mBEGIN[0m
  [1m[36mUser Exists (0.7ms)[0m  [1m[34mSELECT  1 AS one FROM "users" WHERE "users"."username" = $1 LIMIT $2[0m  [["username", "Joh"], ["LIMIT", 1]]
  [1m[36mUser Exists (0.4ms)[0m  [1m[34mSELECT  1 AS one FROM "users" WHERE "users"."session_token" = $1 LIMIT $2[0m  [["session_token", "xrmKyTI4fGKJKLurI9S7wQ"], ["LIMIT", 1]]
  [1m[35m (0.2ms)[0m  [1m[31mROLLBACK[0m
  Rendering users/new.html.erb within layouts/application
  Rendered shared/_errors.html.erb (0.4ms)
  Rendered users/new.html.erb within layouts/application (3.0ms)
Completed 200 OK in 867ms (Views: 36.2ms | ActiveRecord: 8.2ms)


Started POST "/users" for 127.0.0.1 at 2019-01-31 02:18:06 -0800
Processing by UsersController#create as HTML
  Parameters: {"authenticity_token"=>"gipii53lDvAHzT4N3TGPq2q8pXKNnXyN2NVO9L+zemP4X1PIWCzOw0x6F2+H7eXJYrR+Pnc24fjuy0ghBTNFDQ==", "user"=>{"username"=>"John", "password"=>"[FILTERED]"}}
  [1m[35m (0.2ms)[0m  [1m[35mBEGIN[0m
  [1m[36mUser Exists (1.7ms)[0m  [1m[34mSELECT  1 AS one FROM "users" WHERE "users"."username" = $1 LIMIT $2[0m  [["username", "John"], ["LIMIT", 1]]
  [1m[36mUser Exists (1.1ms)[0m  [1m[34mSELECT  1 AS one FROM "users" WHERE "users"."session_token" = $1 LIMIT $2[0m  [["session_token", "brGma61s85Qh4GKzNUWNyA"], ["LIMIT", 1]]
  [1m[36mUser Create (0.5ms)[0m  [1m[32mINSERT INTO "users" ("password_digest", "session_token", "username", "created_at", "updated_at") VALUES ($1, $2, $3, $4, $5) RETURNING "id"[0m  [["password_digest", "$2a$10$pAA86tlaCDHSpISkjVftre1O0QlVpMpX2iFbL1pdgis157KhAS4Hi"], ["session_token", "brGma61s85Qh4GKzNUWNyA"], ["username", "John"], ["created_at", "2019-01-31 10:18:06.245269"], ["updated_at", "2019-01-31 10:18:06.245269"]]
  [1m[35m (1.4ms)[0m  [1m[35mCOMMIT[0m
  [1m[35m (0.2ms)[0m  [1m[35mBEGIN[0m
  [1m[36mUser Exists (0.4ms)[0m  [1m[34mSELECT  1 AS one FROM "users" WHERE "users"."username" = $1 AND "users"."id" != $2 LIMIT $3[0m  [["username", "John"], ["id", 13], ["LIMIT", 1]]
  [1m[36mUser Exists (0.4ms)[0m  [1m[34mSELECT  1 AS one FROM "users" WHERE "users"."session_token" = $1 AND "users"."id" != $2 LIMIT $3[0m  [["session_token", "cIJ9caUaHi4Bc3CAqCIKpg"], ["id", 13], ["LIMIT", 1]]
  [1m[36mUser Update (0.4ms)[0m  [1m[33mUPDATE "users" SET "session_token" = $1, "updated_at" = $2 WHERE "users"."id" = $3[0m  [["session_token", "cIJ9caUaHi4Bc3CAqCIKpg"], ["updated_at", "2019-01-31 10:18:06.251190"], ["id", 13]]
  [1m[35m (0.3ms)[0m  [1m[35mCOMMIT[0m
  Rendering user_mailer/welcome_email.html.erb within layouts/mailer
  Rendered user_mailer/welcome_email.html.erb within layouts/mailer (8.0ms)
UserMailer#welcome_email: processed outbound mail in 41.7ms
Completed 500 Internal Server Error in 125ms (ActiveRecord: 6.6ms)



NoMethodError - undefined method `name' for #<User:0x00007f84f02a87e0>:
  app/views/user_mailer/welcome_email.html.erb:7:in `_app_views_user_mailer_welcome_email_html_erb___3548034302610483787_70104469652020'
  app/mailers/user_mailer.rb:7:in `welcome_email'
  app/controllers/users_controller.rb:10:in `create'

Started POST "/__better_errors/17a64a53572a0285/variables" for 127.0.0.1 at 2019-01-31 02:18:06 -0800
Started POST "/users" for 127.0.0.1 at 2019-01-31 02:18:14 -0800
Processing by UsersController#create as HTML
  Parameters: {"authenticity_token"=>"gipii53lDvAHzT4N3TGPq2q8pXKNnXyN2NVO9L+zemP4X1PIWCzOw0x6F2+H7eXJYrR+Pnc24fjuy0ghBTNFDQ==", "user"=>{"username"=>"John", "password"=>"[FILTERED]"}}
  [1m[35m (0.2ms)[0m  [1m[35mBEGIN[0m
  [1m[36mUser Exists (0.5ms)[0m  [1m[34mSELECT  1 AS one FROM "users" WHERE "users"."username" = $1 LIMIT $2[0m  [["username", "John"], ["LIMIT", 1]]
  [1m[36mUser Exists (0.4ms)[0m  [1m[34mSELECT  1 AS one FROM "users" WHERE "users"."session_token" = $1 LIMIT $2[0m  [["session_token", "uGZRcS63tPW1J38jfI_NSA"], ["LIMIT", 1]]
  [1m[35m (0.2ms)[0m  [1m[31mROLLBACK[0m
  Rendering users/new.html.erb within layouts/application
  Rendered shared/_errors.html.erb (0.4ms)
  Rendered users/new.html.erb within layouts/application (3.1ms)
Completed 200 OK in 116ms (Views: 35.4ms | ActiveRecord: 8.5ms)


Started POST "/users" for 127.0.0.1 at 2019-01-31 02:18:18 -0800
Processing by UsersController#create as HTML
  Parameters: {"authenticity_token"=>"512wdSU0HN0af3tyn6jYhC6QPOr4noDn0In+MEkOz36dKIE24P3c7lHIUhDFdLLmJpjnpgI1HZLml/jl847wEA==", "user"=>{"username"=>"Johna", "password"=>"[FILTERED]"}}
  [1m[35m (0.2ms)[0m  [1m[35mBEGIN[0m
  [1m[36mUser Exists (0.4ms)[0m  [1m[34mSELECT  1 AS one FROM "users" WHERE "users"."username" = $1 LIMIT $2[0m  [["username", "Johna"], ["LIMIT", 1]]
  [1m[36mUser Exists (1.6ms)[0m  [1m[34mSELECT  1 AS one FROM "users" WHERE "users"."session_token" = $1 LIMIT $2[0m  [["session_token", "gBch-pDMqyepbamH3ODvuw"], ["LIMIT", 1]]
  [1m[36mUser Create (1.2ms)[0m  [1m[32mINSERT INTO "users" ("password_digest", "session_token", "username", "created_at", "updated_at") VALUES ($1, $2, $3, $4, $5) RETURNING "id"[0m  [["password_digest", "$2a$10$k1jXPE5KXrHTOLzG8JyFouR6PZiTFR1/IS3Qpxv6DNryIONBdwLs2"], ["session_token", "gBch-pDMqyepbamH3ODvuw"], ["username", "Johna"], ["created_at", "2019-01-31 10:18:18.266895"], ["updated_at", "2019-01-31 10:18:18.266895"]]
  [1m[35m (1.2ms)[0m  [1m[35mCOMMIT[0m
  [1m[35m (0.2ms)[0m  [1m[35mBEGIN[0m
  [1m[36mUser Exists (0.5ms)[0m  [1m[34mSELECT  1 AS one FROM "users" WHERE "users"."username" = $1 AND "users"."id" != $2 LIMIT $3[0m  [["username", "Johna"], ["id", 14], ["LIMIT", 1]]
  [1m[36mUser Exists (0.4ms)[0m  [1m[34mSELECT  1 AS one FROM "users" WHERE "users"."session_token" = $1 AND "users"."id" != $2 LIMIT $3[0m  [["session_token", "WSieeOL-dB-E7jm3W6EZNw"], ["id", 14], ["LIMIT", 1]]
  [1m[36mUser Update (0.5ms)[0m  [1m[33mUPDATE "users" SET "session_token" = $1, "updated_at" = $2 WHERE "users"."id" = $3[0m  [["session_token", "WSieeOL-dB-E7jm3W6EZNw"], ["updated_at", "2019-01-31 10:18:18.275045"], ["id", 14]]
  [1m[35m (0.4ms)[0m  [1m[35mCOMMIT[0m
UserMailer#welcome_email: processed outbound mail in 9.7ms
Completed 500 Internal Server Error in 105ms (ActiveRecord: 6.5ms)



NoMethodError - undefined method `user_name' for #<User:0x00007f84eb1c3028>
Did you mean?  username
               username?
               username=:
  app/mailers/user_mailer.rb:7:in `welcome_email'
  app/controllers/users_controller.rb:10:in `create'

Started POST "/__better_errors/cd09e967c7e7335b/variables" for 127.0.0.1 at 2019-01-31 02:18:18 -0800
Started POST "/__better_errors/cd09e967c7e7335b/variables" for 127.0.0.1 at 2019-01-31 02:18:32 -0800
Started POST "/users" for 127.0.0.1 at 2019-01-31 02:18:35 -0800
Processing by UsersController#create as HTML
  Parameters: {"authenticity_token"=>"512wdSU0HN0af3tyn6jYhC6QPOr4noDn0In+MEkOz36dKIE24P3c7lHIUhDFdLLmJpjnpgI1HZLml/jl847wEA==", "user"=>{"username"=>"Johna", "password"=>"[FILTERED]"}}
  [1m[35m (0.2ms)[0m  [1m[35mBEGIN[0m
  [1m[36mUser Exists (1.0ms)[0m  [1m[34mSELECT  1 AS one FROM "users" WHERE "users"."username" = $1 LIMIT $2[0m  [["username", "Johna"], ["LIMIT", 1]]
  [1m[36mUser Exists (0.5ms)[0m  [1m[34mSELECT  1 AS one FROM "users" WHERE "users"."session_token" = $1 LIMIT $2[0m  [["session_token", "1YkE6cIdP1PeHnkcBwj_Iw"], ["LIMIT", 1]]
  [1m[35m (0.2ms)[0m  [1m[31mROLLBACK[0m
  Rendering users/new.html.erb within layouts/application
  Rendered shared/_errors.html.erb (1.3ms)
  Rendered users/new.html.erb within layouts/application (5.5ms)
Completed 200 OK in 151ms (Views: 53.3ms | ActiveRecord: 7.7ms)


Started POST "/users" for 127.0.0.1 at 2019-01-31 02:18:39 -0800
Processing by UsersController#create as HTML
  Parameters: {"authenticity_token"=>"YegFISDzAqvknr+VJb85CczrPO0U7agsa34RrCY2N4YbnTRi5TrCmK8plvd/Y1NrxOPnoe5GNVldYBd5nLYI6A==", "user"=>{"username"=>"Johnat", "password"=>"[FILTERED]"}}
  [1m[35m (0.2ms)[0m  [1m[35mBEGIN[0m
  [1m[36mUser Exists (0.4ms)[0m  [1m[34mSELECT  1 AS one FROM "users" WHERE "users"."username" = $1 LIMIT $2[0m  [["username", "Johnat"], ["LIMIT", 1]]
  [1m[36mUser Exists (0.3ms)[0m  [1m[34mSELECT  1 AS one FROM "users" WHERE "users"."session_token" = $1 LIMIT $2[0m  [["session_token", "jKhQ_OKZzjCBpDmHQ8L3QA"], ["LIMIT", 1]]
  [1m[36mUser Create (0.4ms)[0m  [1m[32mINSERT INTO "users" ("password_digest", "session_token", "username", "created_at", "updated_at") VALUES ($1, $2, $3, $4, $5) RETURNING "id"[0m  [["password_digest", "$2a$10$O/TgERyPolJ.3ukcnUU9tO8acbfa69cofmf0UPb.1GI4lb1UHTwVW"], ["session_token", "jKhQ_OKZzjCBpDmHQ8L3QA"], ["username", "Johnat"], ["created_at", "2019-01-31 10:18:39.213137"], ["updated_at", "2019-01-31 10:18:39.213137"]]
  [1m[35m (1.2ms)[0m  [1m[35mCOMMIT[0m
  [1m[35m (0.2ms)[0m  [1m[35mBEGIN[0m
  [1m[36mUser Exists (0.5ms)[0m  [1m[34mSELECT  1 AS one FROM "users" WHERE "users"."username" = $1 AND "users"."id" != $2 LIMIT $3[0m  [["username", "Johnat"], ["id", 15], ["LIMIT", 1]]
  [1m[36mUser Exists (0.6ms)[0m  [1m[34mSELECT  1 AS one FROM "users" WHERE "users"."session_token" = $1 AND "users"."id" != $2 LIMIT $3[0m  [["session_token", "R-3sQNotjaZw_HljXBKfbQ"], ["id", 15], ["LIMIT", 1]]
  [1m[36mUser Update (0.5ms)[0m  [1m[33mUPDATE "users" SET "session_token" = $1, "updated_at" = $2 WHERE "users"."id" = $3[0m  [["session_token", "R-3sQNotjaZw_HljXBKfbQ"], ["updated_at", "2019-01-31 10:18:39.219194"], ["id", 15]]
  [1m[35m (0.4ms)[0m  [1m[35mCOMMIT[0m
  Rendering user_mailer/welcome_email.html.erb within layouts/mailer
  Rendered user_mailer/welcome_email.html.erb within layouts/mailer (6.4ms)
UserMailer#welcome_email: processed outbound mail in 35.3ms
Completed 500 Internal Server Error in 118ms (ActiveRecord: 4.7ms)



NoMethodError - undefined method `name' for #<User:0x00007f84f121ee90>:
  app/views/user_mailer/welcome_email.html.erb:7:in `_app_views_user_mailer_welcome_email_html_erb___3548034302610483787_70104472741840'
  app/mailers/user_mailer.rb:7:in `welcome_email'
  app/controllers/users_controller.rb:10:in `create'

Started POST "/__better_errors/90cebfc40c900d96/variables" for 127.0.0.1 at 2019-01-31 02:18:39 -0800
Started POST "/users" for 127.0.0.1 at 2019-01-31 02:19:07 -0800
Processing by UsersController#create as HTML
  Parameters: {"authenticity_token"=>"YegFISDzAqvknr+VJb85CczrPO0U7agsa34RrCY2N4YbnTRi5TrCmK8plvd/Y1NrxOPnoe5GNVldYBd5nLYI6A==", "user"=>{"username"=>"Johnat", "password"=>"[FILTERED]"}}
  [1m[35m (0.3ms)[0m  [1m[35mBEGIN[0m
  [1m[36mUser Exists (0.7ms)[0m  [1m[34mSELECT  1 AS one FROM "users" WHERE "users"."username" = $1 LIMIT $2[0m  [["username", "Johnat"], ["LIMIT", 1]]
  [1m[36mUser Exists (0.7ms)[0m  [1m[34mSELECT  1 AS one FROM "users" WHERE "users"."session_token" = $1 LIMIT $2[0m  [["session_token", "eyKQeYZiJbzHUMVdgy9qEg"], ["LIMIT", 1]]
  [1m[35m (0.2ms)[0m  [1m[31mROLLBACK[0m
  Rendering users/new.html.erb within layouts/application
  Rendered shared/_errors.html.erb (0.4ms)
  Rendered users/new.html.erb within layouts/application (2.7ms)
Completed 200 OK in 109ms (Views: 40.2ms | ActiveRecord: 1.8ms)


Started POST "/users" for 127.0.0.1 at 2019-01-31 02:19:11 -0800
Processing by UsersController#create as HTML
  Parameters: {"authenticity_token"=>"87Fx/jlPai4evgiYOztKhcym9yVKlt0jEiX4bwg6xuiJxEC9/IaqHVUJIfph5yDnxK4sabA9QFYkO/66srr5hg==", "user"=>{"username"=>"Johnath", "password"=>"[FILTERED]"}}
  [1m[35m (0.2ms)[0m  [1m[35mBEGIN[0m
  [1m[36mUser Exists (1.1ms)[0m  [1m[34mSELECT  1 AS one FROM "users" WHERE "users"."username" = $1 LIMIT $2[0m  [["username", "Johnath"], ["LIMIT", 1]]
  [1m[36mUser Exists (1.2ms)[0m  [1m[34mSELECT  1 AS one FROM "users" WHERE "users"."session_token" = $1 LIMIT $2[0m  [["session_token", "dcO1EkrvVgCELorJDCjeMA"], ["LIMIT", 1]]
  [1m[36mUser Create (0.5ms)[0m  [1m[32mINSERT INTO "users" ("password_digest", "session_token", "username", "created_at", "updated_at") VALUES ($1, $2, $3, $4, $5) RETURNING "id"[0m  [["password_digest", "$2a$10$b0CFkD8GdknR/6PDjnrZOezeKxdX.8NQo8CkNwPTgHjvR.ApdogBi"], ["session_token", "dcO1EkrvVgCELorJDCjeMA"], ["username", "Johnath"], ["created_at", "2019-01-31 10:19:11.460008"], ["updated_at", "2019-01-31 10:19:11.460008"]]
  [1m[35m (1.2ms)[0m  [1m[35mCOMMIT[0m
  [1m[35m (0.1ms)[0m  [1m[35mBEGIN[0m
  [1m[36mUser Exists (0.4ms)[0m  [1m[34mSELECT  1 AS one FROM "users" WHERE "users"."username" = $1 AND "users"."id" != $2 LIMIT $3[0m  [["username", "Johnath"], ["id", 16], ["LIMIT", 1]]
  [1m[36mUser Exists (0.4ms)[0m  [1m[34mSELECT  1 AS one FROM "users" WHERE "users"."session_token" = $1 AND "users"."id" != $2 LIMIT $3[0m  [["session_token", "tVZ138m6VWO1bjGgR5L38A"], ["id", 16], ["LIMIT", 1]]
  [1m[36mUser Update (0.4ms)[0m  [1m[33mUPDATE "users" SET "session_token" = $1, "updated_at" = $2 WHERE "users"."id" = $3[0m  [["session_token", "tVZ138m6VWO1bjGgR5L38A"], ["updated_at", "2019-01-31 10:19:11.465323"], ["id", 16]]
  [1m[35m (0.3ms)[0m  [1m[35mCOMMIT[0m
  Rendering user_mailer/welcome_email.html.erb within layouts/mailer
  Rendered user_mailer/welcome_email.html.erb within layouts/mailer (0.4ms)
UserMailer#welcome_email: processed outbound mail in 29.6ms
Sent mail to Johnath (27.1ms)
Date: Thu, 31 Jan 2019 02:19:11 -0800
From: catarina@catrental.com
To: Johnath
Message-ID: <5c52cb9f7a23d_17b113fc27538db9c7647f@Kevins-MacBook-Pro-2.local.mail>
Subject: Congratulations on Signing Up
Mime-Version: 1.0
Content-Type: text/html;
 charset=UTF-8
Content-Transfer-Encoding: 7bit

<!DOCTYPE html>
<html>
  <head>
    <meta http-equiv="Content-Type" content="text/html; charset=utf-8" />
    <style>
      /* Email styles need to be inline */
    </style>
  </head>

  <body>
    <!DOCTYPE html>
<html>
  <head>
    <meta content='text/html; charset=UTF-8' http-equiv='Content-Type' />
  </head>
  <body>
    <h1>Welcome to ninetyninecats.com, Johnath</h1>
    <p>
      You have successfully signed up to ninetyninecats.com,
      your username is: Johnath.<br />
    </p>
    <p>
      To login to the site, just follow this link: http://ninetyninecats.com/sessions.new.
    </p>
    <p>Thanks for joining and have a great day!</p>
  </body>
</html>
  </body>
</html>

Redirected to http://localhost:3000/cats
Completed 302 Found in 137ms (ActiveRecord: 6.0ms)


Started GET "/cats" for 127.0.0.1 at 2019-01-31 02:19:11 -0800
Processing by CatsController#index as HTML
  Rendering cats/index.html.erb within layouts/application
  [1m[36mCat Load (1.1ms)[0m  [1m[34mSELECT "cats".* FROM "cats"[0m
  Rendered cats/index.html.erb within layouts/application (28.4ms)
  [1m[36mUser Load (0.3ms)[0m  [1m[34mSELECT  "users".* FROM "users" WHERE "users"."session_token" = $1 LIMIT $2[0m  [["session_token", "tVZ138m6VWO1bjGgR5L38A"], ["LIMIT", 1]]
Completed 200 OK in 82ms (Views: 65.2ms | ActiveRecord: 7.1ms)


